"C:/Users/n8585016/Downloads/skeletonwarsem2/Skeleton_War_1.uproject" 1
"../../../Engine/Plugins/2D/Paper2D/Paper2D.uplugin" 2
"../../../Engine/Plugins/Developer/BlankPlugin/BlankPlugin.uplugin" 3
"../../../Engine/Plugins/Developer/GitSourceControl/GitSourceControl.uplugin" 4
"../../../Engine/Plugins/Developer/KDevelopSourceCodeAccess/KDevelopSourceCodeAccess.uplugin" 5
"../../../Engine/Plugins/Developer/NullSourceCodeAccess/NullSourceCodeAccess.uplugin" 6
"../../../Engine/Plugins/Developer/PerforceSourceControl/PerforceSourceControl.uplugin" 7
"../../../Engine/Plugins/Developer/SubversionSourceControl/SubversionSourceControl.uplugin" 8
"../../../Engine/Plugins/Developer/UObjectPlugin/UObjectPlugin.uplugin" 9
"../../../Engine/Plugins/Developer/VisualStudioSourceCodeAccess/VisualStudioSourceCodeAccess.uplugin" 10
"../../../Engine/Plugins/Developer/XCodeSourceCodeAccess/XCodeSourceCodeAccess.uplugin" 11
"../../../Engine/Plugins/Editor/EpicSurvey/EpicSurvey.uplugin" 12
"../../../Engine/Plugins/Editor/MacGraphicsSwitching/MacGraphicsSwitching.uplugin" 13
"../../../Engine/Plugins/Editor/PluginBrowser/PluginBrowser.uplugin" 14
"../../../Engine/Plugins/Editor/PluginCreator/PluginCreator.uplugin" 15
"../../../Engine/Plugins/Editor/SpeedTreeImporter/SpeedTreeImporter.uplugin" 16
"../../../Engine/Plugins/Experimental/BlueprintStats/BlueprintStats.uplugin" 17
"../../../Engine/Plugins/Experimental/CharacterAI/CharacterAI.uplugin" 18
"../../../Engine/Plugins/Experimental/CodeEditor/CodeEditor.uplugin" 19
"../../../Engine/Plugins/Experimental/CodeView/CodeView.uplugin" 20
"../../../Engine/Plugins/Experimental/HTML5Networking/HTML5Networking.uplugin" 21
"../../../Engine/Plugins/Experimental/LiveEditor/LiveEditor.uplugin" 22
"../../../Engine/Plugins/Experimental/Phya/Phya.uplugin" 23
"../../../Engine/Plugins/Experimental/SimpleHMD/SimpleHMD.uplugin" 24
"../../../Engine/Plugins/Experimental/StructBox/StructBox.uplugin" 25
"../../../Engine/Plugins/Media/AndroidMedia/AndroidMedia.uplugin" 26
"../../../Engine/Plugins/Media/AvfMedia/AvfMedia.uplugin" 27
"../../../Engine/Plugins/Media/MediaPlayerEditor/MediaPlayerEditor.uplugin" 28
"../../../Engine/Plugins/Media/WmfMedia/WmfMedia.uplugin" 29
"../../../Engine/Plugins/Messaging/MessagingDebugger/MessagingDebugger.uplugin" 30
"../../../Engine/Plugins/Messaging/UdpMessaging/UdpMessaging.uplugin" 31
"../../../Engine/Plugins/NetcodeUnitTest/NetcodeUnitTest/NetcodeUnitTest.uplugin" 32
"../../../Engine/Plugins/NetcodeUnitTest/NUTUnrealEngine4/NUTUnrealEngine4.uplugin" 33
"../../../Engine/Plugins/Runtime/Advertising/IOSTapJoy/IOSTapJoy.uplugin" 34
"../../../Engine/Plugins/Runtime/Analytics/AnalyticsBlueprintLibrary/AnalyticsBlueprintLibrary.uplugin" 35
"../../../Engine/Plugins/Runtime/Analytics/AnalyticsMulticast/AnalyticsMulticast.uplugin" 36
"../../../Engine/Plugins/Runtime/Analytics/Apsalar/IOSApsalar/IOSApsalar.uplugin" 37
"../../../Engine/Plugins/Runtime/Analytics/FileLogging/FileLogging.uplugin" 38
"../../../Engine/Plugins/Runtime/Analytics/Flurry/IOSFlurry/IOSFlurry.uplugin" 39
"../../../Engine/Plugins/Runtime/AndroidDeviceProfileSelector/AndroidDeviceProfileSelector.uplugin" 40
"../../../Engine/Plugins/Runtime/AndroidMoviePlayer/AndroidMoviePlayer.uplugin" 41
"../../../Engine/Plugins/Runtime/AppleMoviePlayer/AppleMoviePlayer.uplugin" 42
"../../../Engine/Plugins/Runtime/CableComponent/CableComponent.uplugin" 43
"../../../Engine/Plugins/Runtime/CustomMeshComponent/CustomMeshComponent.uplugin" 44
"../../../Engine/Plugins/Runtime/ExampleDeviceProfileSelector/ExampleDeviceProfileSelector.uplugin" 45
"../../../Engine/Plugins/Runtime/GearVR/GearVR.uplugin" 46
"../../../Engine/Plugins/Runtime/IOSDeviceProfileSelector/IOSDeviceProfileSelector.uplugin" 47
"../../../Engine/Plugins/Runtime/LeapMotionController/LeapMotionController.uplugin" 48
"../../../Engine/Plugins/Runtime/LiveEditorListenServer/LiveEditorListenServer.uplugin" 49
"../../../Engine/Plugins/Runtime/OculusAudio/OculusAudio.uplugin" 50
"../../../Engine/Plugins/Runtime/OculusRift/OculusRift.uplugin" 51
"../../../Engine/Plugins/Runtime/ProceduralMeshComponent/ProceduralMeshComponent.uplugin" 52
"../../../Engine/Plugins/Runtime/SoundMod/SoundMod.uplugin" 53
"../../../Engine/Plugins/Runtime/SoundVisualizations/SoundVisualizations.uplugin" 54
"../../../Engine/Plugins/Runtime/Steam/SteamController/SteamController.uplugin" 55
"../../../Engine/Plugins/Runtime/Steam/SteamVR/SteamVR.uplugin" 56
"../../../Engine/Plugins/Runtime/WebBrowserWidget/WebBrowserWidget.uplugin" 57
"../../../Engine/Plugins/Runtime/WindowsDeviceProfileSelector/WindowsDeviceProfileSelector.uplugin" 58
"../../../Engine/Plugins/Runtime/WindowsMoviePlayer/WindowsMoviePlayer.uplugin" 59
"../../../Engine/Plugins/ScriptGeneratorPlugin/ScriptGeneratorPlugin.uplugin" 60
"../../../Engine/Plugins/ScriptPlugin/ScriptPlugin.uplugin" 61
"../../../Engine/Plugins/Slate/SlateRemote/SlateRemote.uplugin" 62
"..\..\..\Engine\Content\Internationalization\icudt53l\cnvalias.icu" 63
"..\..\..\Engine\Content\Internationalization\icudt53l\en_US_POSIX.res" 64
"..\..\..\Engine\Content\Internationalization\icudt53l\pool.res" 65
"..\..\..\Engine\Content\Internationalization\icudt53l\en_US.res" 66
"..\..\..\Engine\Content\Internationalization\icudt53l\en.res" 67
"..\..\..\Engine\Content\Internationalization\icudt53l\root.res" 68
"..\..\..\Engine\Content\Internationalization\icudt53l\en_AU.res" 69
"..\..\..\Engine\Content\Internationalization\icudt53l\en_GB.res" 70
"..\..\..\Engine\Content\Internationalization\icudt53l\en_001.res" 71
"C:/Users/n8585016/AppData/Local/UnrealEngine/4.8/Saved/Config/Windows/Manifest.ini" 72
"../../../Engine/Config/Base.ini" 73
"../../../Engine/Config/BaseEngine.ini" 74
"C:/Users/n8585016/Downloads/skeletonwarsem2/Config/DefaultEngine.ini" 75
"../../../Engine/Config/Windows/WindowsEngine.ini" 76
"C:/Users/n8585016/Downloads/skeletonwarsem2/Saved/Config/Windows/Engine.ini" 77
"C:/Users/n8585016/Downloads/skeletonwarsem2/Intermediate/Config/CoalescedSourceConfigs/Engine.ini" 78
"../../../Engine/Config/BaseGame.ini" 79
"C:/Users/n8585016/Downloads/skeletonwarsem2/Config/DefaultGame.ini" 80
"C:/Users/n8585016/Downloads/skeletonwarsem2/Saved/Config/Windows/Game.ini" 81
"C:/Users/n8585016/Downloads/skeletonwarsem2/Intermediate/Config/CoalescedSourceConfigs/Game.ini" 82
"../../../Engine/Config/BaseInput.ini" 83
"C:/Users/n8585016/Downloads/skeletonwarsem2/Config/DefaultInput.ini" 84
"C:/Users/n8585016/Downloads/skeletonwarsem2/Saved/Config/Windows/Input.ini" 85
"C:/Users/n8585016/Downloads/skeletonwarsem2/Intermediate/Config/CoalescedSourceConfigs/Input.ini" 86
"../../../Engine/Config/BaseEditor.ini" 87
"C:/Users/n8585016/Downloads/skeletonwarsem2/Config/DefaultEditor.ini" 88
"C:/Users/n8585016/Downloads/skeletonwarsem2/Saved/Config/Windows/Editor.ini" 89
"C:/Users/n8585016/Downloads/skeletonwarsem2/Intermediate/Config/CoalescedSourceConfigs/Editor.ini" 90
"../../../Engine/Config/BaseEditorPerProjectUserSettings.ini" 91
"C:/Users/n8585016/Downloads/skeletonwarsem2/Saved/Config/Windows/EditorPerProjectUserSettings.ini" 92
"C:/Users/n8585016/Downloads/skeletonwarsem2/Intermediate/Config/CoalescedSourceConfigs/EditorPerProjectUserSettings.ini" 93
"../../../Engine/Config/BaseEditorSettings.ini" 94
"C:/Users/n8585016/AppData/Local/UnrealEngine/4.8/Saved/Config/Windows/EditorSettings.ini" 95
"C:/Users/n8585016/Downloads/skeletonwarsem2/Intermediate/Config/CoalescedSourceConfigs/EditorSettings.ini" 96
"../../../Engine/Config/BaseEditorLayout.ini" 97
"C:/Users/n8585016/AppData/Local/UnrealEngine/4.8/Saved/Config/Windows/EditorLayout.ini" 98
"C:/Users/n8585016/Downloads/skeletonwarsem2/Intermediate/Config/CoalescedSourceConfigs/EditorLayout.ini" 99
"../../../Engine/Config/BaseEditorKeyBindings.ini" 100
"C:/Users/n8585016/AppData/Local/UnrealEngine/4.8/Saved/Config/Windows/EditorKeyBindings.ini" 101
"C:/Users/n8585016/Downloads/skeletonwarsem2/Intermediate/Config/CoalescedSourceConfigs/EditorKeyBindings.ini" 102
"../../../Engine/Config/BaseCompat.ini" 103
"C:/Users/n8585016/Downloads/skeletonwarsem2/Saved/Config/Windows/Compat.ini" 104
"C:/Users/n8585016/Downloads/skeletonwarsem2/Intermediate/Config/CoalescedSourceConfigs/Compat.ini" 105
"../../../Engine/Config/BaseLightmass.ini" 106
"C:/Users/n8585016/Downloads/skeletonwarsem2/Saved/Config/Windows/Lightmass.ini" 107
"C:/Users/n8585016/Downloads/skeletonwarsem2/Intermediate/Config/CoalescedSourceConfigs/Lightmass.ini" 108
"../../../Engine/Config/BaseScalability.ini" 109
"C:/Users/n8585016/Downloads/skeletonwarsem2/Saved/Config/Windows/Scalability.ini" 110
"C:/Users/n8585016/Downloads/skeletonwarsem2/Intermediate/Config/CoalescedSourceConfigs/Scalability.ini" 111
"C:/Users/n8585016/Downloads/skeletonwarsem2/Saved/Config/Windows/GameUserSettings.ini" 112
"C:/Users/n8585016/Downloads/skeletonwarsem2/Intermediate/Config/CoalescedSourceConfigs/GameUserSettings.ini" 113
"../../../Engine/Config/BaseDeviceProfiles.ini" 114
"C:/Users/n8585016/Downloads/skeletonwarsem2/Saved/Config/Windows/DeviceProfiles.ini" 115
"C:/Users/n8585016/Downloads/skeletonwarsem2/Intermediate/Config/CoalescedSourceConfigs/DeviceProfiles.ini" 116
"../../../Engine/Config/ConsoleVariables.ini" 117
"..\..\..\Engine\Content\Internationalization\icudt53l\es.res" 118
"..\..\..\Engine\Content\Internationalization\icudt53l\ja.res" 119
"..\..\..\Engine\Content\Internationalization\icudt53l\ko.res" 120
"..\..\..\Engine\Content\Internationalization\icudt53l\pt_BR.res" 121
"..\..\..\Engine\Content\Internationalization\icudt53l\pt.res" 122
"..\..\..\Engine\Content\Internationalization\icudt53l\zh_CN.res" 123
"..\..\..\Engine\Content\Internationalization\icudt53l\zh_Hans_CN.res" 124
"..\..\..\Engine\Content\Internationalization\icudt53l\zh_Hans.res" 125
"..\..\..\Engine\Content\Internationalization\icudt53l\zh.res" 126
"W:/Epic Games/4.8/Engine/Content/Localization/Editor/en/Editor.locres" 127
"W:/Epic Games/4.8/Engine/Content/Localization/EditorTutorials/en/EditorTutorials.locres" 128
"W:/Epic Games/4.8/Engine/Content/Localization/Keywords/en/Keywords.locres" 129
"W:/Epic Games/4.8/Engine/Content/Localization/ToolTips/en/ToolTips.locres" 130
"W:/Epic Games/4.8/Engine/Content/Localization/PropertyNames/en/PropertyNames.locres" 131
"W:/Epic Games/4.8/Engine/Content/Localization/Engine/en/Engine.locres" 132
"../../../Engine/Content/Slate/Fonts/Roboto-Regular.ttf" 133
"../../../Engine/Content/Slate/Fonts/DroidSansMono.ttf" 134
"../../../Engine/Content/Slate/Fonts/Roboto-Bold.ttf" 135
"../../../Engine/Content/Slate/Fonts/Roboto-Light.ttf" 136
"W:/Epic Games/4.8/Engine/Binaries/Win64/../../../Engine/Shaders/ParticleSpriteVertexFactory.usf" 137
"W:/Epic Games/4.8/Engine/Binaries/Win64/../../../Engine/Shaders/VertexFactoryCommon.usf" 138
"W:/Epic Games/4.8/Engine/Binaries/Win64/../../../Engine/Shaders/Common.usf" 139
"W:/Epic Games/4.8/Engine/Binaries/Win64/../../../Engine/Shaders/MetalCommon.usf" 140
"W:/Epic Games/4.8/Engine/Binaries/Win64/../../../Engine/Shaders/ShaderVersion.usf" 141
"W:/Epic Games/4.8/Engine/Binaries/Win64/../../../Engine/Shaders/Definitions.usf" 142
"W:/Epic Games/4.8/Engine/Binaries/Win64/../../../Engine/Shaders/Random.usf" 143
"W:/Epic Games/4.8/Engine/Binaries/Win64/../../../Engine/Shaders/ParticleVertexFactoryCommon.usf" 144
"W:/Epic Games/4.8/Engine/Binaries/Win64/../../../Engine/Shaders/ParticleGPUSpriteVertexFactory.usf" 145
"W:/Epic Games/4.8/Engine/Binaries/Win64/../../../Engine/Shaders/ParticleBeamTrailVertexFactory.usf" 146
"W:/Epic Games/4.8/Engine/Binaries/Win64/../../../Engine/Shaders/LocalVertexFactory.usf" 147
"W:/Epic Games/4.8/Engine/Binaries/Win64/../../../Engine/Shaders/LocalVertexFactoryCommon.usf" 148
"W:/Epic Games/4.8/Engine/Binaries/Win64/../../../Engine/Shaders/VectorFieldVisualizationVertexFactory.usf" 149
"W:/Epic Games/4.8/Engine/Binaries/Win64/../../../Engine/Shaders/MeshParticleVertexFactory.usf" 150
"W:/Epic Games/4.8/Engine/Binaries/Win64/../../../Engine/Shaders/GpuSkinVertexFactory.usf" 151
"W:/Epic Games/4.8/Engine/Binaries/Win64/../../../Engine/Shaders/GpuSkinCacheCommon.usf" 152
"W:/Epic Games/4.8/Engine/Binaries/Win64/../../../Engine/Shaders/LandscapeVertexFactory.usf" 153
"W:/Epic Games/4.8/Engine/Binaries/Win64/../../../Engine/Shaders/SlateElementPixelShader.usf" 154
"W:/Epic Games/4.8/Engine/Binaries/Win64/../../../Engine/Shaders/GammaCorrectionCommon.usf" 155
"W:/Epic Games/4.8/Engine/Binaries/Win64/../../../Engine/Shaders/MaterialTemplate.usf" 156
"W:/Epic Games/4.8/Engine/Binaries/Win64/../../../Engine/Shaders/DepthOfFieldCommon.usf" 157
"W:/Epic Games/4.8/Engine/Binaries/Win64/../../../Engine/Shaders/SpeedTreeCommon.usf" 158
"W:/Epic Games/4.8/Engine/Binaries/Win64/../../../Engine/Shaders/AtmosphereCommon.usf" 159
"W:/Epic Games/4.8/Engine/Binaries/Win64/../../../Engine/Shaders/EyeAdaptationCommon.usf" 160
"W:/Epic Games/4.8/Engine/Binaries/Win64/../../../Engine/Shaders/PostProcessCommon.usf" 161
"W:/Epic Games/4.8/Engine/Binaries/Win64/../../../Engine/Shaders/DeferredShadingCommon.usf" 162
"W:/Epic Games/4.8/Engine/Binaries/Win64/../../../Engine/Shaders/LightAccumulator.usf" 163
"W:/Epic Games/4.8/Engine/Binaries/Win64/../../../Engine/Shaders/SlateVertexShader.usf" 164
"W:/Epic Games/4.8/Engine/Binaries/Win64/../../../Engine/Shaders/ParticleSortKeyGen.usf" 165
"W:/Epic Games/4.8/Engine/Binaries/Win64/../../../Engine/Shaders/ParticleBoundsShader.usf" 166
"W:/Epic Games/4.8/Engine/Binaries/Win64/../../../Engine/Shaders/ParticleSimVisualizeShader.usf" 167
"W:/Epic Games/4.8/Engine/Binaries/Win64/../../../Engine/Shaders/ParticleInjectionShader.usf" 168
"W:/Epic Games/4.8/Engine/Binaries/Win64/../../../Engine/Shaders/ParticleSimulationShader.usf" 169
"W:/Epic Games/4.8/Engine/Binaries/Win64/../../../Engine/Shaders/ParticleCurveInjectionShader.usf" 170
"W:/Epic Games/4.8/Engine/Binaries/Win64/../../../Engine/Shaders/VectorFieldCompositeShaders.usf" 171
"W:/Epic Games/4.8/Engine/Binaries/Win64/../../../Engine/Shaders/UpdateTextureShaders.usf" 172
"W:/Epic Games/4.8/Engine/Binaries/Win64/../../../Engine/Shaders/SimpleElementColorChannelMaskPixelShader.usf" 173
"W:/Epic Games/4.8/Engine/Binaries/Win64/../../../Engine/Shaders/SimpleElementHitProxyPixelShader.usf" 174
"W:/Epic Games/4.8/Engine/Binaries/Win64/../../../Engine/Shaders/SimpleElementPixelShader.usf" 175
"W:/Epic Games/4.8/Engine/Binaries/Win64/../../../Engine/Shaders/ColorUtils.usf" 176
"W:/Epic Games/4.8/Engine/Binaries/Win64/../../../Engine/Shaders/IESLightProfilesCommon.usf" 177
"W:/Epic Games/4.8/Engine/Binaries/Win64/../../../Engine/Shaders/SimpleElementVertexShader.usf" 178
"W:/Epic Games/4.8/Engine/Binaries/Win64/../../../Engine/Shaders/ScreenVertexShader.usf" 179
"W:/Epic Games/4.8/Engine/Binaries/Win64/../../../Engine/Shaders/ScreenPixelShader.usf" 180
"W:/Epic Games/4.8/Engine/Binaries/Win64/../../../Engine/Shaders/RadixSortShaders.usf" 181
"W:/Epic Games/4.8/Engine/Binaries/Win64/../../../Engine/Shaders/GpuSkinCacheComputeShader.usf" 182
"W:/Epic Games/4.8/Engine/Binaries/Win64/../../../Engine/Shaders/NullPixelShader.usf" 183
"W:/Epic Games/4.8/Engine/Binaries/Win64/../../../Engine/Shaders/LandscapeGrassWeight.usf" 184
"W:/Epic Games/4.8/Engine/Binaries/Win64/../../../Engine/Shaders/VisualizeTexture.usf" 185
"W:/Epic Games/4.8/Engine/Binaries/Win64/../../../Engine/Shaders/ScreenSpaceReflections.usf" 186
"W:/Epic Games/4.8/Engine/Binaries/Win64/../../../Engine/Shaders/BRDF.usf" 187
"W:/Epic Games/4.8/Engine/Binaries/Win64/../../../Engine/Shaders/MonteCarlo.usf" 188
"W:/Epic Games/4.8/Engine/Binaries/Win64/../../../Engine/Shaders/ScreenSpaceRayCast.usf" 189
"W:/Epic Games/4.8/Engine/Binaries/Win64/../../../Engine/Shaders/FilterVertexShader.usf" 190
"W:/Epic Games/4.8/Engine/Binaries/Win64/../../../Engine/Shaders/FilterPixelShader.usf" 191
"W:/Epic Games/4.8/Engine/Binaries/Win64/../../../Engine/Shaders/PostProcessVisualizeHDR.usf" 192
"W:/Epic Games/4.8/Engine/Binaries/Win64/../../../Engine/Shaders/PostProcessHistogramCommon.usf" 193
"W:/Epic Games/4.8/Engine/Binaries/Win64/../../../Engine/Shaders/TonemapCommon.usf" 194
"W:/Epic Games/4.8/Engine/Binaries/Win64/../../../Engine/Shaders/ACES.usf" 195
"W:/Epic Games/4.8/Engine/Binaries/Win64/../../../Engine/Shaders/MiniFontCommon.usf" 196
"W:/Epic Games/4.8/Engine/Binaries/Win64/../../../Engine/Shaders/PostProcessVisualizeBuffer.usf" 197
"W:/Epic Games/4.8/Engine/Binaries/Win64/../../../Engine/Shaders/PostProcessUpscale.usf" 198
"W:/Epic Games/4.8/Engine/Binaries/Win64/../../../Engine/Shaders/PostProcessTonemap.usf" 199
"W:/Epic Games/4.8/Engine/Binaries/Win64/../../../Engine/Shaders/PostProcessTestImage.usf" 200
"W:/Epic Games/4.8/Engine/Binaries/Win64/../../../Engine/Shaders/PostProcessTemporalAA.usf" 201
"W:/Epic Games/4.8/Engine/Binaries/Win64/../../../Engine/Shaders/PostProcessTemporalCommon.usf" 202
"W:/Epic Games/4.8/Engine/Binaries/Win64/../../../Engine/Shaders/PostProcessSubsurface.usf" 203
"W:/Epic Games/4.8/Engine/Binaries/Win64/../../../Engine/Shaders/SeparableSSS.usf" 204
"W:/Epic Games/4.8/Engine/Binaries/Win64/../../../Engine/Shaders/PostProcessSelectionOutline.usf" 205
"W:/Epic Games/4.8/Engine/Binaries/Win64/../../../Engine/Shaders/PostProcessSceneColorFringe.usf" 206
"W:/Epic Games/4.8/Engine/Binaries/Win64/../../../Engine/Shaders/PostProcessNoiseBlur.usf" 207
"W:/Epic Games/4.8/Engine/Binaries/Win64/../../../Engine/Shaders/PostProcessMotionBlur.usf" 208
"W:/Epic Games/4.8/Engine/Binaries/Win64/../../../Engine/Shaders/PostProcessVelocityFlatten.usf" 209
"W:/Epic Games/4.8/Engine/Binaries/Win64/../../../Engine/Shaders/MorpheusInclude.usf" 210
"W:/Epic Games/4.8/Engine/Binaries/Win64/../../../Engine/Shaders/PostProcessMobile.usf" 211
"W:/Epic Games/4.8/Engine/Binaries/Win64/../../../Engine/Shaders/PostProcessMaterialShaders.usf" 212
"W:/Epic Games/4.8/Engine/Binaries/Win64/../../../Engine/Shaders/PostProcessLensFlares.usf" 213
"W:/Epic Games/4.8/Engine/Binaries/Win64/../../../Engine/Shaders/PostProcessLensBlur.usf" 214
"W:/Epic Games/4.8/Engine/Binaries/Win64/../../../Engine/Shaders/PostProcessBloom.usf" 215
"W:/Epic Games/4.8/Engine/Binaries/Win64/../../../Engine/Shaders/PostProcessHMD.usf" 216
"W:/Epic Games/4.8/Engine/Binaries/Win64/../../../Engine/Shaders/PostProcessHistogramReduce.usf" 217
"W:/Epic Games/4.8/Engine/Binaries/Win64/../../../Engine/Shaders/PostProcessHistogram.usf" 218
"W:/Epic Games/4.8/Engine/Binaries/Win64/../../../Engine/Shaders/PostProcessGBufferHints.usf" 219
"W:/Epic Games/4.8/Engine/Binaries/Win64/../../../Engine/Shaders/PostProcessEyeAdaptation.usf" 220
"W:/Epic Games/4.8/Engine/Binaries/Win64/../../../Engine/Shaders/PostProcessDownsample.usf" 221
"W:/Epic Games/4.8/Engine/Binaries/Win64/../../../Engine/Shaders/PostProcessDOF.usf" 222
"W:/Epic Games/4.8/Engine/Binaries/Win64/../../../Engine/Shaders/PostProcessCompositeEditorPrimitives.usf" 223
"W:/Epic Games/4.8/Engine/Binaries/Win64/../../../Engine/Shaders/PostProcessCombineLUTs.usf" 224
"W:/Epic Games/4.8/Engine/Binaries/Win64/../../../Engine/Shaders/PostProcessBusyWait.usf" 225
"W:/Epic Games/4.8/Engine/Binaries/Win64/../../../Engine/Shaders/PostProcessBokehDOF.usf" 226
"W:/Epic Games/4.8/Engine/Binaries/Win64/../../../Engine/Shaders/FXAAShader.usf" 227
"W:/Epic Games/4.8/Engine/Binaries/Win64/../../../Engine/Shaders/Fxaa3_11.usf" 228
"W:/Epic Games/4.8/Engine/Binaries/Win64/../../../Engine/Shaders/PostProcessPassThrough.usf" 229
"W:/Epic Games/4.8/Engine/Binaries/Win64/../../../Engine/Shaders/PostProcessLpvIndirect.usf" 230
"W:/Epic Games/4.8/Engine/Binaries/Win64/../../../Engine/Shaders/DeferredLightingCommon.usf" 231
"W:/Epic Games/4.8/Engine/Binaries/Win64/../../../Engine/Shaders/DynamicLightingCommon.usf" 232
"W:/Epic Games/4.8/Engine/Binaries/Win64/../../../Engine/Shaders/LPVFinalPass.usf" 233
"W:/Epic Games/4.8/Engine/Binaries/Win64/../../../Engine/Shaders/LPVCommon.usf" 234
"W:/Epic Games/4.8/Engine/Binaries/Win64/../../../Engine/Shaders/DeferredDecal.usf" 235
"W:/Epic Games/4.8/Engine/Binaries/Win64/../../../Engine/Shaders/PostProcessAmbientOcclusion.usf" 236
"W:/Epic Games/4.8/Engine/Binaries/Win64/../../../Engine/Shaders/PostProcessAmbient.usf" 237
"W:/Epic Games/4.8/Engine/Binaries/Win64/../../../Engine/Shaders/CubemapCommon.usf" 238
"W:/Epic Games/4.8/Engine/Binaries/Win64/../../../Engine/Shaders/VelocityShader.usf" 239
"W:/Epic Games/4.8/Engine/Binaries/Win64/../../../Engine/Shaders/VelocityCommon.usf" 240
"W:/Epic Games/4.8/Engine/Binaries/Win64/../../../Engine/Shaders/Tessellation.usf" 241
"W:/Epic Games/4.8/Engine/Binaries/Win64/../../../Engine/Shaders/FlatTessellation.usf" 242
"W:/Epic Games/4.8/Engine/Binaries/Win64/../../../Engine/Shaders/PNTriangles.usf" 243
"W:/Epic Games/4.8/Engine/Binaries/Win64/../../../Engine/Shaders/TranslucentLightingShaders.usf" 244
"W:/Epic Games/4.8/Engine/Binaries/Win64/../../../Engine/Shaders/SHCommon.usf" 245
"W:/Epic Games/4.8/Engine/Binaries/Win64/../../../Engine/Shaders/ShadowProjectionCommon.usf" 246
"W:/Epic Games/4.8/Engine/Binaries/Win64/../../../Engine/Shaders/TranslucentLightInjectionShaders.usf" 247
"W:/Epic Games/4.8/Engine/Binaries/Win64/../../../Engine/Shaders/LightFunctionCommon.usf" 248
"W:/Epic Games/4.8/Engine/Binaries/Win64/../../../Engine/Shaders/TranslucentShadowDepthShaders.usf" 249
"W:/Epic Games/4.8/Engine/Binaries/Win64/../../../Engine/Shaders/ShadowDepthCommon.usf" 250
"W:/Epic Games/4.8/Engine/Binaries/Win64/../../../Engine/Shaders/TiledDeferredLightShaders.usf" 251
"W:/Epic Games/4.8/Engine/Binaries/Win64/../../../Engine/Shaders/SurfelTree.usf" 252
"W:/Epic Games/4.8/Engine/Binaries/Win64/../../../Engine/Shaders/DistanceFieldLightingShared.usf" 253
"W:/Epic Games/4.8/Engine/Binaries/Win64/../../../Engine/Shaders/SurfelMaterialShared.usf" 254
"W:/Epic Games/4.8/Engine/Binaries/Win64/../../../Engine/Shaders/DistanceFieldAOShared.usf" 255
"W:/Epic Games/4.8/Engine/Binaries/Win64/../../../Engine/Shaders/ShadowProjectionPixelShader.usf" 256
"W:/Epic Games/4.8/Engine/Binaries/Win64/../../../Engine/Shaders/ShadowFilteringCommon.usf" 257
"W:/Epic Games/4.8/Engine/Binaries/Win64/../../../Engine/Shaders/ShadowProjectionVertexShader.usf" 258
"W:/Epic Games/4.8/Engine/Binaries/Win64/../../../Engine/Shaders/ShadowDepthPixelShader.usf" 259
"W:/Epic Games/4.8/Engine/Binaries/Win64/../../../Engine/Shaders/LPVWriteVplCommon.usf" 260
"W:/Epic Games/4.8/Engine/Binaries/Win64/../../../Engine/Shaders/LPVWriteCommon.usf" 261
"W:/Epic Games/4.8/Engine/Binaries/Win64/../../../Engine/Shaders/ShadowDepthVertexShader.usf" 262
"W:/Epic Games/4.8/Engine/Binaries/Win64/../../../Engine/Shaders/ShaderComplexityApplyPixelShader.usf" 263
"W:/Epic Games/4.8/Engine/Binaries/Win64/../../../Engine/Shaders/ShaderComplexityApplyVertexShader.usf" 264
"W:/Epic Games/4.8/Engine/Binaries/Win64/../../../Engine/Shaders/ShaderComplexityAccumulatePixelShader.usf" 265
"W:/Epic Games/4.8/Engine/Binaries/Win64/../../../Engine/Shaders/HZBOcclusion.usf" 266
"W:/Epic Games/4.8/Engine/Binaries/Win64/../../../Engine/Shaders/OcclusionQueryVertexShader.usf" 267
"W:/Epic Games/4.8/Engine/Binaries/Win64/../../../Engine/Shaders/HitProxyPixelShader.usf" 268
"W:/Epic Games/4.8/Engine/Binaries/Win64/../../../Engine/Shaders/HitProxyVertexShader.usf" 269
"W:/Epic Games/4.8/Engine/Binaries/Win64/../../../Engine/Shaders/ReflectionEnvironmentShaders.usf" 270
"W:/Epic Games/4.8/Engine/Binaries/Win64/../../../Engine/Shaders/ReflectionEnvironmentShared.usf" 271
"W:/Epic Games/4.8/Engine/Binaries/Win64/../../../Engine/Shaders/SkyLightingShared.usf" 272
"W:/Epic Games/4.8/Engine/Binaries/Win64/../../../Engine/Shaders/ReflectionEnvironmentComputeShaders.usf" 273
"W:/Epic Games/4.8/Engine/Binaries/Win64/../../../Engine/Shaders/LightShaftShader.usf" 274
"W:/Epic Games/4.8/Engine/Binaries/Win64/../../../Engine/Shaders/StationaryLightOverlapShaders.usf" 275
"W:/Epic Games/4.8/Engine/Binaries/Win64/../../../Engine/Shaders/DeferredLightPixelShaders.usf" 276
"W:/Epic Games/4.8/Engine/Binaries/Win64/../../../Engine/Shaders/DeferredLightVertexShaders.usf" 277
"W:/Epic Games/4.8/Engine/Binaries/Win64/../../../Engine/Shaders/LPVVisualise.usf" 278
"W:/Epic Games/4.8/Engine/Binaries/Win64/../../../Engine/Shaders/LPVGeometryVolumeCommon.usf" 279
"W:/Epic Games/4.8/Engine/Binaries/Win64/../../../Engine/Shaders/LPVDirectLightInject.usf" 280
"W:/Epic Games/4.8/Engine/Binaries/Win64/../../../Engine/Shaders/LPVPropagate.usf" 281
"W:/Epic Games/4.8/Engine/Binaries/Win64/../../../Engine/Shaders/LPVBuildGeometryVolume.usf" 282
"W:/Epic Games/4.8/Engine/Binaries/Win64/../../../Engine/Shaders/LPVInject_AccumulateVplLists.usf" 283
"W:/Epic Games/4.8/Engine/Binaries/Win64/../../../Engine/Shaders/LPVInject_GenerateVplLists.usf" 284
"W:/Epic Games/4.8/Engine/Binaries/Win64/../../../Engine/Shaders/LPVClearLists.usf" 285
"W:/Epic Games/4.8/Engine/Binaries/Win64/../../../Engine/Shaders/LPVClear.usf" 286
"W:/Epic Games/4.8/Engine/Binaries/Win64/../../../Engine/Shaders/LightMapDensityShader.usf" 287
"W:/Epic Games/4.8/Engine/Binaries/Win64/../../../Engine/Shaders/LightFunctionPixelShader.usf" 288
"W:/Epic Games/4.8/Engine/Binaries/Win64/../../../Engine/Shaders/LightFunctionVertexShader.usf" 289
"W:/Epic Games/4.8/Engine/Binaries/Win64/../../../Engine/Shaders/HeightfieldLighting.usf" 290
"W:/Epic Games/4.8/Engine/Binaries/Win64/../../../Engine/Shaders/DistanceFieldShadowingShared.usf" 291
"W:/Epic Games/4.8/Engine/Binaries/Win64/../../../Engine/Shaders/HdrCustomResolveShaders.usf" 292
"W:/Epic Games/4.8/Engine/Binaries/Win64/../../../Engine/Shaders/GPUBenchmark.usf" 293
"W:/Epic Games/4.8/Engine/Binaries/Win64/../../../Engine/Shaders/GammaCorrection.usf" 294
"W:/Epic Games/4.8/Engine/Binaries/Win64/../../../Engine/Shaders/BasePassForForwardShadingPixelShader.usf" 295
"W:/Epic Games/4.8/Engine/Binaries/Win64/../../../Engine/Shaders/BasePassForForwardShadingCommon.usf" 296
"W:/Epic Games/4.8/Engine/Binaries/Win64/../../../Engine/Shaders/LightmapCommon.usf" 297
"W:/Epic Games/4.8/Engine/Binaries/Win64/../../../Engine/Shaders/BasePassForForwardShadingVertexShader.usf" 298
"W:/Epic Games/4.8/Engine/Binaries/Win64/../../../Engine/Shaders/HeightFogCommon.usf" 299
"W:/Epic Games/4.8/Engine/Binaries/Win64/../../../Engine/Shaders/HeightFogPixelShader.usf" 300
"W:/Epic Games/4.8/Engine/Binaries/Win64/../../../Engine/Shaders/HeightFogVertexShader.usf" 301
"W:/Epic Games/4.8/Engine/Binaries/Win64/../../../Engine/Shaders/DistortAccumulatePS.usf" 302
"W:/Epic Games/4.8/Engine/Binaries/Win64/../../../Engine/Shaders/DistortAccumulateVS.usf" 303
"W:/Epic Games/4.8/Engine/Binaries/Win64/../../../Engine/Shaders/DistortApplyScreenPS.usf" 304
"W:/Epic Games/4.8/Engine/Binaries/Win64/../../../Engine/Shaders/DistanceFieldSurfaceCacheLighting.usf" 305
"W:/Epic Games/4.8/Engine/Binaries/Win64/../../../Engine/Shaders/SkyLighting.usf" 306
"W:/Epic Games/4.8/Engine/Binaries/Win64/../../../Engine/Shaders/DistanceFieldGlobalIllumination.usf" 307
"W:/Epic Games/4.8/Engine/Binaries/Win64/../../../Engine/Shaders/DistanceFieldLightingPost.usf" 308
"W:/Epic Games/4.8/Engine/Binaries/Win64/../../../Engine/Shaders/DistanceFieldSurfaceCacheLightingCompute.usf" 309
"W:/Epic Games/4.8/Engine/Binaries/Win64/../../../Engine/Shaders/DistanceFieldShadowing.usf" 310
"W:/Epic Games/4.8/Engine/Binaries/Win64/../../../Engine/Shaders/DepthOnlyPixelShader.usf" 311
"W:/Epic Games/4.8/Engine/Binaries/Win64/../../../Engine/Shaders/DepthOnlyVertexShader.usf" 312
"W:/Epic Games/4.8/Engine/Binaries/Win64/../../../Engine/Shaders/PositionOnlyDepthVertexShader.usf" 313
"W:/Epic Games/4.8/Engine/Binaries/Win64/../../../Engine/Shaders/DownsampleDepthPixelShader.usf" 314
"W:/Epic Games/4.8/Engine/Binaries/Win64/../../../Engine/Shaders/EvaluateSurfelMaterial.usf" 315
"W:/Epic Games/4.8/Engine/Binaries/Win64/../../../Engine/Shaders/ConvertToUniformMesh.usf" 316
"W:/Epic Games/4.8/Engine/Binaries/Win64/../../../Engine/Shaders/BasePassPixelShader.usf" 317
"W:/Epic Games/4.8/Engine/Binaries/Win64/../../../Engine/Shaders/BasePassCommon.usf" 318
"W:/Epic Games/4.8/Engine/Binaries/Win64/../../../Engine/Shaders/ForEachLight.usf" 319
"W:/Epic Games/4.8/Engine/Binaries/Win64/../../../Engine/Shaders/BasePassVertexShader.usf" 320
"W:/Epic Games/4.8/Engine/Binaries/Win64/../../../Engine/Shaders/BasePassVertexCommon.usf" 321
"W:/Epic Games/4.8/Engine/Binaries/Win64/../../../Engine/Shaders/BasePassTessellationShaders.usf" 322
"W:/Epic Games/4.8/Engine/Binaries/Win64/../../../Engine/Shaders/AtmospherePrecompute.usf" 323
"W:/Epic Games/4.8/Engine/Binaries/Win64/../../../Engine/Shaders/AtmospherePrecomputeCommon.usf" 324
"W:/Epic Games/4.8/Engine/Binaries/Win64/../../../Engine/Shaders/AtmospherePrecomputeInscatter.usf" 325
"W:/Epic Games/4.8/Engine/Binaries/Win64/../../../Engine/Shaders/AtmosphericFogShader.usf" 326
"W:/Epic Games/4.8/Engine/Binaries/Win64/../../../Engine/Shaders/ResolveVertexShader.usf" 327
"W:/Epic Games/4.8/Engine/Binaries/Win64/../../../Engine/Shaders/ResolvePixelShader.usf" 328
"W:/Epic Games/4.8/Engine/Binaries/Win64/../../../Engine/Shaders/OneColorShader.usf" 329
"W:/Epic Games/4.8/Engine/Binaries/Win64/../../../Engine/Shaders/ClearReplacementShaders.usf" 330
"W:/Epic Games/4.8/Engine/Binaries/Win64/../../../Engine/Shaders/SimpleElementTexture2DPreviewPixelShader.usf" 331
"W:/Epic Games/4.8/Engine/Binaries/Win64/../../../Engine/Shaders/SimpleElementNormalMapPixelShader.usf" 332
"W:/Epic Games/4.8/Engine/Binaries/Win64/../../../Engine/Shaders/meshpaintdilatepixelshader.usf" 333
"W:/Epic Games/4.8/Engine/Binaries/Win64/../../../Engine/Shaders/meshpaintdilatevertexshader.usf" 334
"W:/Epic Games/4.8/Engine/Binaries/Win64/../../../Engine/Shaders/MeshPaintPixelShader.usf" 335
"W:/Epic Games/4.8/Engine/Binaries/Win64/../../../Engine/Shaders/MeshPaintVertexShader.usf" 336
"../../../Engine/Config/Android/AndroidEngine.ini" 337
"../../../Engine/Config/HTML5/HTML5Engine.ini" 338
"../../../Engine/Config/IOS/IOSEngine.ini" 339
"../../../Engine/Config/Linux/LinuxEngine.ini" 340
"C:/Users/n8585016/AppData/Local/UnrealEngine/4.8/DerivedDataCache/Boot.ddc" 341
"../../../Engine/DerivedDataCache/Compressed.ddp" 342
"../../../Engine/Content/EngineFonts/Roboto.uasset" 343
"../../../Engine/Content/EngineMaterials/Widget3DPassThrough_Translucent.uasset" 344
"../../../Engine/Content/EngineMaterials/Widget3DPassThrough.uasset" 345
"../../../Engine/Content/EngineResources/WhiteSquareTexture.uasset" 346
"../../../Engine/Content/Functions/Engine_MaterialFunctions01/Shading/PowerToRoughness.uasset" 347
"../../../Engine/Content/Functions/Engine_MaterialFunctions01/Shading/ConvertFromDiffSpec.uasset" 348
"../../../Engine/Content/EngineMaterials/WorldGridMaterial.uasset" 349
"../../../Engine/Content/Functions/Engine_MaterialFunctions01/Opacity/CameraDepthFade.uasset" 350
"../../../Engine/Content/EngineMaterials/T_Default_Material_Grid_M.uasset" 351
"../../../Engine/Content/EngineMaterials/T_Default_Material_Grid_N.uasset" 352
"../../../Engine/Content/EngineMaterials/DefaultDeferredDecalMaterial.uasset" 353
"../../../Engine/Content/EngineMaterials/DefaultDiffuse.uasset" 354
"../../../Engine/Content/EngineMaterials/DefaultLightFunctionMaterial.uasset" 355
"../../../Engine/Content/EngineMaterials/DefaultPostProcessMaterial.uasset" 356
"../../../Engine/Content/Functions/Engine_MaterialFunctions02/Utility/BreakOutFloat2Components.uasset" 357
"../../../Engine/Content/EngineResources/DefaultTexture.uasset" 358
"../../../Engine/Content/EngineMaterials/Widget3DPassThrough_Translucent_OneSided.uasset" 359
"../../../Engine/Content/EngineMaterials/Widget3DPassThrough_Opaque.uasset" 360
"../../../Engine/Content/EngineMaterials/Widget3DPassThrough_Opaque_OneSided.uasset" 361
"../../../Engine/Content/EditorResources/S_Actor.uasset" 362
"../../../Engine/Content/Maps/Templates/Thumbnails/Default.uasset" 363
"../../../Engine/Content/EditorMaterials/ParticleSystems/PSysThumbnail_NoImage.uasset" 364
"../../../Engine/Content/EditorMaterials/ParticleSystems/PSysThumbnail_OOD.uasset" 365
"../../../Engine/Content/EditorLandscapeResources/DataLayer.uasset" 366
"../../../Engine/Content/EngineDamageTypes/DmgTypeBP_Environmental.uasset" 367
"..\..\..\Engine\Content\Internationalization\icudt53l\numberingSystems.res" 368
"..\..\..\Engine\Content\Internationalization\icudt53l\curr\supplementalData.res" 369
"..\..\..\Engine\Content\Internationalization\icudt53l\curr\pool.res" 370
"..\..\..\Engine\Content\Internationalization\icudt53l\curr\en_AU.res" 371
"..\..\..\Engine\Content\Internationalization\icudt53l\curr\en_GB.res" 372
"..\..\..\Engine\Content\Internationalization\icudt53l\curr\en_001.res" 373
"..\..\..\Engine\Content\Internationalization\icudt53l\curr\en.res" 374
"..\..\..\Engine\Content\Internationalization\icudt53l\curr\root.res" 375
"../../../Engine/Content/EngineMeshes/Sphere.uasset" 376
"../../../Engine/Content/EngineFonts/RobotoDistanceField.uasset" 377
"../../../Engine/Content/EngineMaterials/DefaultTextMaterialOpaque.uasset" 378
"../../../Engine/Content/EditorResources/S_Trigger.uasset" 379
"../../../Engine/Content/EngineResources/GradientTexture0.uasset" 380
"../../../Engine/Content/EngineResources/Black.uasset" 381
"../../../Engine/Content/EditorMaterials/MatineeGroups/MAT_Groups_Float.uasset" 382
"../../../Engine/Content/EditorMaterials/MatineeGroups/MAT_Groups_Director.uasset" 383
"../../../Engine/Content/EditorMaterials/MatineeGroups/MAT_Groups_Event.uasset" 384
"../../../Engine/Content/EditorMaterials/MatineeGroups/MAT_Groups_Anim.uasset" 385
"../../../Engine/Content/EditorMaterials/MatineeGroups/MAT_Groups_Fade.uasset" 386
"../../../Engine/Content/EditorMaterials/MatineeGroups/MAT_Groups_Move.uasset" 387
"../../../Engine/Content/EditorMaterials/MatineeGroups/MAT_Groups_Slomo.uasset" 388
"../../../Engine/Content/EditorMaterials/MatineeGroups/MAT_ColorTrack.uasset" 389
"../../../Engine/Content/EditorMaterials/MAT_Groups_Toggle.uasset" 390
"../../../Engine/Content/EditorMaterials/MatineeGroups/MAT_Groups_AudioMaster.uasset" 391
"../../../Engine/Content/EditorMaterials/MatineeGroups/MAT_Groups_Sound.uasset" 392
"../../../Engine/Content/EditorMaterials/MatineeGroups/MAT_Groups_Vector.uasset" 393
"../../../Engine/Content/EditorMaterials/MAT_Groups_Visibility.uasset" 394
"../../../Engine/Content/EngineResources/DefaultTextureCube.uasset" 395
"../../../Engine/Content/EngineSounds/Master.uasset" 396
"../../../Engine/Content/EngineSounds/Music.uasset" 397
"../../../Engine/Content/EngineSounds/SFX.uasset" 398
"../../../Engine/Content/EngineSounds/Normal_Attack.uasset" 399
"../../../Engine/Content/EngineSounds/Special_Attack_PSM.uasset" 400
"../../../Engine/Content/EngineSounds/Duck_Normal_Attack_MixMod.uasset" 401
"../../../Engine/Content/EngineSounds/Voice.uasset" 402
"../../../Engine/Content/EngineMeshes/Cylinder.uasset" 403
"../../../Engine/Content/EngineMaterials/DefaultMaterial.uasset" 404
"../../../Engine/Content/EngineTireTypes/DefaultTireType.uasset" 405
"../../../Engine/Content/Editor/Slate/Fonts/FontAwesome.ttf" 406
"../../../Engine/Content/Editor/Slate/Fonts/DroidSansMono.ttf" 407
"../../../Engine/Content/Editor/Slate/Fonts/Roboto-BoldCondensed.ttf" 408
"../../../Engine/Content/Editor/Slate/Fonts/Roboto-Black.ttf" 409
"../../../Engine/Content/Editor/Slate/Fonts/Roboto-Italic.ttf" 410
"../../../Engine/Content/Editor/Slate/Fonts/Roboto-BoldCondensedItalic.ttf" 411
"..\..\..\Engine\Content\Internationalization\icudt53l\coll\ucadata.icu" 412
"..\..\..\Engine\Content\Internationalization\icudt53l\nfc.nrm" 413
"..\..\..\Engine\Content\Internationalization\icudt53l\coll\en.res" 414
"..\..\..\Engine\Content\Internationalization\icudt53l\coll\root.res" 415
"../../../Engine/Content/EngineResources/AICON-Red.uasset" 416
"../../../Engine/Content/EngineResources/AICON-Green.uasset" 417
"../../../Engine/Plugins/2D/Paper2D/Content/MaskedUnlitSpriteMaterial.uasset" 418
"../../../Engine/Plugins/2D/Paper2D/Content/DefaultSpriteMaterial.uasset" 419
"../../../Engine/Plugins/2D/Paper2D/Content/DummySpriteTexture.uasset" 420
"../../../Engine/Plugins/2D/Paper2D/Content/PlaceholderTextures/DummySpriteTexture.uasset" 421
"../../../Engine/Plugins/2D/Paper2D/Content/OpaqueUnlitSpriteMaterial.uasset" 422
"../../../Engine/Plugins/2D/Paper2D/Content/DefaultPaperTerrainMaterial.uasset" 423
"../../../Engine/Plugins/2D/Paper2D/Content/DummySprite.uasset" 424
"C:/Users/n8585016/AppData/Local/UnrealEngine/4.8/Saved/Config/Windows/SourceControlSettings.ini" 425
"C:/Users/n8585016/Downloads/skeletonwarsem2/Intermediate/Config/CoalescedSourceConfigs/SourceControlSettings.ini" 426
"C:/Users/n8585016/Downloads/skeletonwarsem2/Saved/Config/Windows/SourceControlSettings.ini" 427
"../../../Engine/Plugins/Runtime/LeapMotionController/Content/LM_CapsuleMesh.uasset" 428
"../../../Engine/Plugins/Runtime/LeapMotionController/Content/LM_TorusMesh.uasset" 429
"../../../Engine/Plugins/Runtime/LeapMotionController/Content/LM_HandColor.uasset" 430
"../../../Engine/Content/EngineMaterials/RemoveSurfaceMaterial.uasset" 431
"../../../Engine/Content/EngineDebugMaterials/DebugMeshMaterial.uasset" 432
"../../../Engine/Content/EngineMaterials/M_InvalidLightmapSettings.uasset" 433
"../../../Engine/Content/EngineMaterials/InvalidLightmapSettings.uasset" 434
"../../../Engine/Content/EditorMaterials/GizmoMaterial.uasset" 435
"../../../Engine/Content/EngineMaterials/Good64x64TilingNoiseHighFreq.uasset" 436
"../../../Engine/Content/EngineMaterials/DefaultBokeh.uasset" 437
"../../../Engine/Content/EngineMaterials/PreintegratedSkinBRDF.uasset" 438
"../../../Engine/Content/EngineMaterials/MiniFont.uasset" 439
"../../../Engine/Content/EngineMaterials/WeightMapPlaceholderTexture.uasset" 440
"../../../Engine/Content/EngineMaterials/DefaultWhiteGrid.uasset" 441
"../../../Engine/Content/EngineMaterials/DefaultPhysicalMaterial.uasset" 442
"../../../Engine/Content/EngineFonts/RobotoTiny.uasset" 443
"C:/Users/n8585016/Downloads/skeletonwarsem2/Intermediate/CachedAssetRegistry.bin" 444
"C:/Users/n8585016/Downloads/skeletonwarsem2/Content/SkeletonWar/Particles/P_Sparks.uasset" 445
"C:/Users/n8585016/Downloads/skeletonwarsem2/Saved/Autosaves/Game/SkeletonWar/Maps/Abbey_Auto1.umap" 446
"C:/Users/n8585016/Downloads/skeletonwarsem2/Saved/Cooked/WindowsNoEditor/Skeleton_War_1/CookedIniVersion.txt" 447
"../../../Engine/Content/MobileResources/HUD/VirtualJoystick_Thumb.uasset" 448
"C:/Users/n8585016/Downloads/skeletonwarsem2/Content/SkeletonWar/Blueprints/Skele_GameInstance.uasset" 449
"../../../Engine/Content/EditorBlueprintResources/StandardMacros.uasset" 450
"C:/Users/n8585016/Downloads/skeletonwarsem2/Content/SkeletonWar/Blueprints/Skele_FunctionLibrary.uasset" 451
"C:/Users/n8585016/Downloads/skeletonwarsem2/Content/SkeletonWar/Blueprints/Limbs/LeftArm_BP.uasset" 452
"C:/Users/n8585016/Downloads/skeletonwarsem2/Content/SkeletonWar/Animations/Limbs/LeftArm/L_Arm_AnimBP.uasset" 453
"C:/Users/n8585016/Downloads/skeletonwarsem2/Content/SkeletonWar/Animations/Limbs/LeftArm/L_Arm_Jump_End.uasset" 454
"C:/Users/n8585016/Downloads/skeletonwarsem2/Content/SkeletonWar/Animations/Limbs/LeftArm/L_Arm_Skeleton.uasset" 455
"C:/Users/n8585016/Downloads/skeletonwarsem2/Content/SkeletonWar/Animations/Limbs/LeftArm/L_Arm_Jump_Hang.uasset" 456
"C:/Users/n8585016/Downloads/skeletonwarsem2/Content/SkeletonWar/Animations/Limbs/LeftArm/L_Arm_Jump_Start.uasset" 457
"C:/Users/n8585016/Downloads/skeletonwarsem2/Content/SkeletonWar/Animations/Limbs/LeftArm/L_Arm_L_Attack.uasset" 458
"C:/Users/n8585016/Downloads/skeletonwarsem2/Content/SkeletonWar/Particles/P_AttackAnimTrail.uasset" 459
"C:/Users/n8585016/Downloads/skeletonwarsem2/Content/SkeletonWar/Particles/Materials/M_AttackAnimTrail.uasset" 460
"C:/Users/n8585016/Downloads/skeletonwarsem2/Content/SkeletonWar/Animations/Limbs/LeftArm/L_Arm_R_Attack.uasset" 461
"C:/Users/n8585016/Downloads/skeletonwarsem2/Content/SkeletonWar/Blueprints/PlayerCharacters/Skele_BP.uasset" 462
"C:/Users/n8585016/Downloads/skeletonwarsem2/Content/SkeletonWar/Animations/Limbs/Torso/Torso_AnimBP.uasset" 463
"C:/Users/n8585016/Downloads/skeletonwarsem2/Content/SkeletonWar/Animations/Limbs/Torso/Torso_Jump_End.uasset" 464
"C:/Users/n8585016/Downloads/skeletonwarsem2/Content/SkeletonWar/Animations/Limbs/Torso/Torso_Skeleton.uasset" 465
"C:/Users/n8585016/Downloads/skeletonwarsem2/Content/SkeletonWar/Animations/Limbs/Torso/Torso_Jump_Hang.uasset" 466
"C:/Users/n8585016/Downloads/skeletonwarsem2/Content/SkeletonWar/Animations/Limbs/Torso/Torso_Jump_Start.uasset" 467
"C:/Users/n8585016/Downloads/skeletonwarsem2/Content/SkeletonWar/Animations/Limbs/Torso/Torso_L_Attack.uasset" 468
"C:/Users/n8585016/Downloads/skeletonwarsem2/Content/SkeletonWar/Animations/Limbs/Torso/Torso_R_Attack.uasset" 469
"C:/Users/n8585016/Downloads/skeletonwarsem2/Content/SkeletonWar/Animations/Limbs/Torso/Torso_Recoil_.uasset" 470
"C:/Users/n8585016/Downloads/skeletonwarsem2/Content/SkeletonWar/Blueprints/RubixColour.uasset" 471
"C:/Users/n8585016/Downloads/skeletonwarsem2/Content/SkeletonWar/Blueprints/Limbs/AnimStateEnum.uasset" 472
"C:/Users/n8585016/Downloads/skeletonwarsem2/Content/SkeletonWar/Blueprints/Limbs/Limb.uasset" 473
"C:/Users/n8585016/Downloads/skeletonwarsem2/Content/SkeletonWar/Fonts/BoneTextMaterial.uasset" 474
"C:/Users/n8585016/Downloads/skeletonwarsem2/Content/SkeletonWar/Fonts/BoneTextDistanceField.uasset" 475
"C:/Users/n8585016/Downloads/skeletonwarsem2/Content/SkeletonWar/Animations/Limbs/Torso/Torso_2L_IdleRun_2DBS.uasset" 476
"C:/Users/n8585016/Downloads/skeletonwarsem2/Content/SkeletonWar/Animations/Limbs/Torso/Torso_Ready_Idle.uasset" 477
"C:/Users/n8585016/Downloads/skeletonwarsem2/Content/SkeletonWar/Animations/Limbs/Torso/Torso_Run.uasset" 478
"C:/Users/n8585016/Downloads/skeletonwarsem2/Content/SkeletonWar/Animations/Limbs/Torso/Torso_Strafe_Backwards.uasset" 479
"C:/Users/n8585016/Downloads/skeletonwarsem2/Content/SkeletonWar/Animations/Limbs/Torso/Torso_Strafe_Left.uasset" 480
"C:/Users/n8585016/Downloads/skeletonwarsem2/Content/SkeletonWar/Animations/Limbs/Torso/Torso_Strafe_Right.uasset" 481
"C:/Users/n8585016/Downloads/skeletonwarsem2/Content/SkeletonWar/Blueprints/Skele_GameMode.uasset" 482
"../../../Engine/Content/EditorBlueprintResources/ActorMacros.uasset" 483
"C:/Users/n8585016/Downloads/skeletonwarsem2/Content/SkeletonWar/Blueprints/Skele_MacroLibrary.uasset" 484
"C:/Users/n8585016/Downloads/skeletonwarsem2/Content/SkeletonWar/Blueprints/Limbs/Head_BP.uasset" 485
"C:/Users/n8585016/Downloads/skeletonwarsem2/Content/SkeletonWar/Animations/Limbs/Head/Head_AnimBP.uasset" 486
"C:/Users/n8585016/Downloads/skeletonwarsem2/Content/SkeletonWar/Animations/Limbs/Head/Head_Jump_End.uasset" 487
"C:/Users/n8585016/Downloads/skeletonwarsem2/Content/SkeletonWar/Animations/Limbs/Head/Head_Skeleton.uasset" 488
"C:/Users/n8585016/Downloads/skeletonwarsem2/Content/SkeletonWar/Animations/Limbs/Head/Head_Jump_Hang.uasset" 489
"C:/Users/n8585016/Downloads/skeletonwarsem2/Content/SkeletonWar/Animations/Limbs/Head/Head_Jump_Start.uasset" 490
"C:/Users/n8585016/Downloads/skeletonwarsem2/Content/SkeletonWar/Animations/Limbs/Head/Head_L_Attack.uasset" 491
"C:/Users/n8585016/Downloads/skeletonwarsem2/Content/SkeletonWar/Animations/Limbs/Head/Head_R_Attack.uasset" 492
"C:/Users/n8585016/Downloads/skeletonwarsem2/Content/SkeletonWar/Animations/Limbs/Head/Head_2L_IdleRun_2DBS.uasset" 493
"C:/Users/n8585016/Downloads/skeletonwarsem2/Content/SkeletonWar/Animations/Limbs/Head/Head_Ready_Idle.uasset" 494
"C:/Users/n8585016/Downloads/skeletonwarsem2/Content/SkeletonWar/Animations/Limbs/Head/Head_Run.uasset" 495
"C:/Users/n8585016/Downloads/skeletonwarsem2/Content/SkeletonWar/Animations/Limbs/Head/Head_Strafe_Backwards.uasset" 496
"C:/Users/n8585016/Downloads/skeletonwarsem2/Content/SkeletonWar/Animations/Limbs/Head/Head_Strafe_Left.uasset" 497
"C:/Users/n8585016/Downloads/skeletonwarsem2/Content/SkeletonWar/Animations/Limbs/Head/Head_Strafe_Right.uasset" 498
"C:/Users/n8585016/Downloads/skeletonwarsem2/Content/SkeletonWar/Blueprints/GameMode_Enum.uasset" 499
"C:/Users/n8585016/Downloads/skeletonwarsem2/Content/SkeletonWar/Blueprints/MenuState_Enum.uasset" 500
"C:/Users/n8585016/Downloads/skeletonwarsem2/Content/SkeletonWar/Blueprints/ServerSettings_Struct.uasset" 501
"C:/Users/n8585016/Downloads/skeletonwarsem2/Content/SkeletonWar/Blueprints/Skele_SaveData.uasset" 502
"C:/Users/n8585016/Downloads/skeletonwarsem2/Content/SkeletonWar/UMG/CreditsMenu.uasset" 503
"C:/Users/n8585016/Downloads/skeletonwarsem2/Content/SkeletonWar/Blueprints/Directions_Enum.uasset" 504
"C:/Users/n8585016/Downloads/skeletonwarsem2/Content/SkeletonWar/Blueprints/InputActions_Enum.uasset" 505
"C:/Users/n8585016/Downloads/skeletonwarsem2/Content/SkeletonWar/Blueprints/Limbs/LimbEnum.uasset" 506
"C:/Users/n8585016/Downloads/skeletonwarsem2/Content/SkeletonWar/Blueprints/Skele_GameState.uasset" 507
"C:/Users/n8585016/Downloads/skeletonwarsem2/Content/SkeletonWar/Blueprints/Skele_PlayerController.uasset" 508
"C:/Users/n8585016/Downloads/skeletonwarsem2/Content/SkeletonWar/Blueprints/Skele_PlayerCameraManager.uasset" 509
"C:/Users/n8585016/Downloads/skeletonwarsem2/Content/SkeletonWar/UMG/PauseMenu.uasset" 510
"C:/Users/n8585016/Downloads/skeletonwarsem2/Content/SkeletonWar/Fonts/BoneText.uasset" 511
"C:/Users/n8585016/Downloads/skeletonwarsem2/Content/SkeletonWar/Fonts/BoneTextTitles.uasset" 512
"C:/Users/n8585016/Downloads/skeletonwarsem2/Content/SkeletonWar/Sounds/finger_snap.uasset" 513
"C:/Users/n8585016/Downloads/skeletonwarsem2/Content/SkeletonWar/Sounds/xylophone.uasset" 514
"C:/Users/n8585016/Downloads/skeletonwarsem2/Content/SkeletonWar/Textures/UI_Pause-Button1.uasset" 515
"C:/Users/n8585016/Downloads/skeletonwarsem2/Content/SkeletonWar/Textures/UI_Pause-Button2.uasset" 516
"C:/Users/n8585016/Downloads/skeletonwarsem2/Content/SkeletonWar/Textures/UI_Pause-Button3.uasset" 517
"C:/Users/n8585016/Downloads/skeletonwarsem2/Content/SkeletonWar/Textures/UI_Pause-Screen.uasset" 518
"C:/Users/n8585016/Downloads/skeletonwarsem2/Content/SkeletonWar/UMG/ErrorDialog.uasset" 519
"C:/Users/n8585016/Downloads/skeletonwarsem2/Content/SkeletonWar/Textures/UI_Button-Hover.uasset" 520
"C:/Users/n8585016/Downloads/skeletonwarsem2/Content/SkeletonWar/Textures/UI_Button-Normal.uasset" 521
"C:/Users/n8585016/Downloads/skeletonwarsem2/Content/SkeletonWar/Textures/UI_Button-Press.uasset" 522
"C:/Users/n8585016/Downloads/skeletonwarsem2/Content/SkeletonWar/UMG/HostMenu.uasset" 523
"C:/Users/n8585016/Downloads/skeletonwarsem2/Content/SkeletonWar/UMG/ComboBoxItem.uasset" 524
"C:/Users/n8585016/Downloads/skeletonwarsem2/Content/SkeletonWar/Textures/UI_Checkbox.uasset" 525
"C:/Users/n8585016/Downloads/skeletonwarsem2/Content/SkeletonWar/Textures/UI_Checkbox-Tick.uasset" 526
"C:/Users/n8585016/Downloads/skeletonwarsem2/Content/SkeletonWar/Textures/UI_DoubleArrows.uasset" 527
"C:/Users/n8585016/Downloads/skeletonwarsem2/Content/SkeletonWar/Textures/UI_DownArrow.uasset" 528
"C:/Users/n8585016/Downloads/skeletonwarsem2/Content/SkeletonWar/Textures/UI_HostGame-Title.uasset" 529
"C:/Users/n8585016/Downloads/skeletonwarsem2/Content/SkeletonWar/Textures/UI_OtherScreens-bg.uasset" 530
"C:/Users/n8585016/Downloads/skeletonwarsem2/Content/SkeletonWar/Textures/UI_Spinbox.uasset" 531
"C:/Users/n8585016/Downloads/skeletonwarsem2/Content/SkeletonWar/Textures/UI_Spinbox-Filler.uasset" 532
"C:/Users/n8585016/Downloads/skeletonwarsem2/Content/SkeletonWar/Textures/UI_Textbox.uasset" 533
"C:/Users/n8585016/Downloads/skeletonwarsem2/Content/SkeletonWar/Textures/UI_Woodboard.uasset" 534
"C:/Users/n8585016/Downloads/skeletonwarsem2/Content/SkeletonWar/UMG/LoadingScreen.uasset" 535
"C:/Users/n8585016/Downloads/skeletonwarsem2/Content/SkeletonWar/Textures/Moon.uasset" 536
"C:/Users/n8585016/Downloads/skeletonwarsem2/Content/SkeletonWar/UMG/MainMenu.uasset" 537
"C:/Users/n8585016/Downloads/skeletonwarsem2/Content/SkeletonWar/Textures/UI_MainMenu-bg.uasset" 538
"C:/Users/n8585016/Downloads/skeletonwarsem2/Content/SkeletonWar/Textures/UI_Title.uasset" 539
"C:/Users/n8585016/Downloads/skeletonwarsem2/Content/SkeletonWar/UMG/OptionsMenu.uasset" 540
"C:/Users/n8585016/Downloads/skeletonwarsem2/Content/SkeletonWar/Textures/UI_Options-Title.uasset" 541
"C:/Users/n8585016/Downloads/skeletonwarsem2/Content/SkeletonWar/UMG/PlayerNameInput.uasset" 542
"C:/Users/n8585016/Downloads/skeletonwarsem2/Content/SkeletonWar/Textures/UI_LogIn-bg.uasset" 543
"C:/Users/n8585016/Downloads/skeletonwarsem2/Content/SkeletonWar/Textures/UI_Woodbox.uasset" 544
"C:/Users/n8585016/Downloads/skeletonwarsem2/Content/SkeletonWar/UMG/RewardsChest.uasset" 545
"C:/Users/n8585016/Downloads/skeletonwarsem2/Content/SkeletonWar/Textures/Skeleton.uasset" 546
"C:/Users/n8585016/Downloads/skeletonwarsem2/Content/SkeletonWar/Textures/UI_RewardsChest-Title.uasset" 547
"C:/Users/n8585016/Downloads/skeletonwarsem2/Content/SkeletonWar/UMG/RoundSummary.uasset" 548
"C:/Users/n8585016/Downloads/skeletonwarsem2/Content/SkeletonWar/Blueprints/Skele_PlayerState.uasset" 549
"C:/Users/n8585016/Downloads/skeletonwarsem2/Content/SkeletonWar/UMG/Skele_HUD.uasset" 550
"C:/Users/n8585016/Downloads/skeletonwarsem2/Content/SkeletonWar/UMG/ScoreboardRow.uasset" 551
"C:/Users/n8585016/Downloads/skeletonwarsem2/Content/SkeletonWar/Textures/UI/HUD_Scoreboard-Board.uasset" 552
"C:/Users/n8585016/Downloads/skeletonwarsem2/Content/SkeletonWar/Textures/UI/SpiderAnimation.uasset" 553
"../../../Engine/Content/Functions/Engine_MaterialFunctions02/Texturing/FlipBook.uasset" 554
"../../../Engine/Content/Functions/Engine_MaterialFunctions02/Utility/Round.uasset" 555
"../../../Engine/Content/Functions/Engine_MaterialFunctions02/Utility/Sign.uasset" 556
"../../../Engine/Content/Functions/Engine_MaterialFunctions02/ExampleContent/Textures/flipbook.uasset" 557
"C:/Users/n8585016/Downloads/skeletonwarsem2/Content/SkeletonWar/Textures/UI/AnimateSpider_SpriteSheet-RGBA.uasset" 558
"C:/Users/n8585016/Downloads/skeletonwarsem2/Content/SkeletonWar/Textures/UI/HUD_BranchLeft.uasset" 559
"C:/Users/n8585016/Downloads/skeletonwarsem2/Content/SkeletonWar/Textures/UI/HUD_BranchRight-Nameplate.uasset" 560
"C:/Users/n8585016/Downloads/skeletonwarsem2/Content/SkeletonWar/Textures/UI/HUD_SpiderwebTrail.uasset" 561
"C:/Users/n8585016/Downloads/skeletonwarsem2/Content/SkeletonWar/UMG/RoundSummaryRow.uasset" 562
"C:/Users/n8585016/Downloads/skeletonwarsem2/Content/SkeletonWar/UMG/ServerList.uasset" 563
"C:/Users/n8585016/Downloads/skeletonwarsem2/Content/SkeletonWar/UMG/ServerRow.uasset" 564
"C:/Users/n8585016/Downloads/skeletonwarsem2/Content/SkeletonWar/Textures/UI_JoinGame-Title.uasset" 565
"C:/Users/n8585016/Downloads/skeletonwarsem2/Content/SkeletonWar/Textures/UI_Credits-Title.uasset" 566
"C:/Users/n8585016/Downloads/skeletonwarsem2/Content/SkeletonWar/Blueprints/Weapons/BombBP.uasset" 567
"C:/Users/n8585016/Downloads/skeletonwarsem2/Content/SkeletonWar/Textures/BombUVW_Material_Mat.uasset" 568
"C:/Users/n8585016/Downloads/skeletonwarsem2/Content/SkeletonWar/Textures/BombUVW_Material.uasset" 569
"C:/Users/n8585016/Downloads/skeletonwarsem2/Content/SkeletonWar/Particles/P_Explosion.uasset" 570
"C:/Users/n8585016/Downloads/skeletonwarsem2/Content/SkeletonWar/Particles/Materials/M_Burst.uasset" 571
"C:/Users/n8585016/Downloads/skeletonwarsem2/Content/SkeletonWar/Particles/Textures/T_Burst_M.uasset" 572
"C:/Users/n8585016/Downloads/skeletonwarsem2/Content/SkeletonWar/Particles/Materials/M_explosion_subUV.uasset" 573
"C:/Users/n8585016/Downloads/skeletonwarsem2/Content/SkeletonWar/Particles/Textures/T_Explosion_SubUV.uasset" 574
"C:/Users/n8585016/Downloads/skeletonwarsem2/Content/SkeletonWar/Particles/Materials/m_flare_01.uasset" 575
"C:/Users/n8585016/Downloads/skeletonwarsem2/Content/SkeletonWar/Particles/Materials/M_radial_ramp.uasset" 576
"../../../Engine/Content/Functions/Engine_MaterialFunctions01/Gradient/RadialGradient.uasset" 577
"C:/Users/n8585016/Downloads/skeletonwarsem2/Content/SkeletonWar/Particles/Materials/M_smoke_subUV.uasset" 578
"C:/Users/n8585016/Downloads/skeletonwarsem2/Content/SkeletonWar/Particles/Textures/T_Smoke_SubUV.uasset" 579
"C:/Users/n8585016/Downloads/skeletonwarsem2/Content/SkeletonWar/Particles/Textures/T_Smoke_Tiled_D.uasset" 580
"C:/Users/n8585016/Downloads/skeletonwarsem2/Content/SkeletonWar/StaticMeshes/Weapons/Bomb_Mesh.uasset" 581
"C:/Users/n8585016/Downloads/skeletonwarsem2/Content/SkeletonWar/Animations/Limbs/Head/Head_2L_IdleRun_BS.uasset" 582
"C:/Users/n8585016/Downloads/skeletonwarsem2/Content/SkeletonWar/Animations/Limbs/LeftArm/L_Arm_2L_IdleRun_BS.uasset" 583
"C:/Users/n8585016/Downloads/skeletonwarsem2/Content/SkeletonWar/Animations/Limbs/LeftArm/L_Arm_Ready_Idle.uasset" 584
"C:/Users/n8585016/Downloads/skeletonwarsem2/Content/SkeletonWar/Animations/Limbs/LeftArm/L_Arm_Run.uasset" 585
"C:/Users/n8585016/Downloads/skeletonwarsem2/Content/SkeletonWar/Animations/Limbs/LeftLeg/L_Leg_2L_IdleRun_BS.uasset" 586
"C:/Users/n8585016/Downloads/skeletonwarsem2/Content/SkeletonWar/Animations/Limbs/LeftLeg/L_Leg_Ready_Idle.uasset" 587
"C:/Users/n8585016/Downloads/skeletonwarsem2/Content/SkeletonWar/Animations/Limbs/LeftLeg/L_Leg_Skeleton.uasset" 588
"C:/Users/n8585016/Downloads/skeletonwarsem2/Content/SkeletonWar/Animations/Limbs/LeftLeg/L_Leg_Run.uasset" 589
"C:/Users/n8585016/Downloads/skeletonwarsem2/Content/SkeletonWar/Animations/Limbs/RightArm/R_Arm_2L_IdleRun_BS.uasset" 590
"C:/Users/n8585016/Downloads/skeletonwarsem2/Content/SkeletonWar/Animations/Limbs/RightArm/R_Arm_Ready_Idle.uasset" 591
"C:/Users/n8585016/Downloads/skeletonwarsem2/Content/SkeletonWar/Animations/Limbs/RightArm/R_Arm_Skeleton.uasset" 592
"C:/Users/n8585016/Downloads/skeletonwarsem2/Content/SkeletonWar/Animations/Limbs/RightArm/R_Arm_Run.uasset" 593
"C:/Users/n8585016/Downloads/skeletonwarsem2/Content/SkeletonWar/Animations/Limbs/RightLeg/R_Leg_2L_IdleRun_BS.uasset" 594
"C:/Users/n8585016/Downloads/skeletonwarsem2/Content/SkeletonWar/Animations/Limbs/RightLeg/R_Leg_Ready_Idle.uasset" 595
"C:/Users/n8585016/Downloads/skeletonwarsem2/Content/SkeletonWar/Animations/Limbs/RightLeg/R_Leg_Skeleton.uasset" 596
"C:/Users/n8585016/Downloads/skeletonwarsem2/Content/SkeletonWar/Animations/Limbs/RightLeg/R_Leg_Run.uasset" 597
"C:/Users/n8585016/Downloads/skeletonwarsem2/Content/SkeletonWar/Animations/Limbs/Torso/Torso_2L_IdleRun_BS.uasset" 598
"C:/Users/n8585016/Downloads/skeletonwarsem2/Content/SkeletonWar/Particles/P_Recoil.uasset" 599
"C:/Users/n8585016/Downloads/skeletonwarsem2/Content/SkeletonWar/Animations/Limbs/LeftArm/L_Arm_2L_IdleRun_2DBS.uasset" 600
"C:/Users/n8585016/Downloads/skeletonwarsem2/Content/SkeletonWar/Animations/Limbs/LeftArm/L_Arm_Strafe_Backwards.uasset" 601
"C:/Users/n8585016/Downloads/skeletonwarsem2/Content/SkeletonWar/Animations/Limbs/LeftArm/L_Arm_Strafe_Left.uasset" 602
"C:/Users/n8585016/Downloads/skeletonwarsem2/Content/SkeletonWar/Animations/Limbs/LeftArm/L_Arm_Strafe_Right.uasset" 603
"C:/Users/n8585016/Downloads/skeletonwarsem2/Content/SkeletonWar/Textures/Bone_Material.uasset" 604
"C:/Users/n8585016/Downloads/skeletonwarsem2/Content/SkeletonWar/Textures/Bone_Texture.uasset" 605
"C:/Users/n8585016/Downloads/skeletonwarsem2/Content/SkeletonWar/Animations/Limbs/LeftArm/L_Arm.uasset" 606
"C:/Users/n8585016/Downloads/skeletonwarsem2/Content/SkeletonWar/Animations/Limbs/LeftArm/L_Arm_PhysicsAsset.uasset" 607
"C:/Users/n8585016/Downloads/skeletonwarsem2/Content/SkeletonWar/Blueprints/Limbs/LeftLeg_BP.uasset" 608
"C:/Users/n8585016/Downloads/skeletonwarsem2/Content/SkeletonWar/Animations/Limbs/LeftLeg/L_Leg_AnimBP.uasset" 609
"C:/Users/n8585016/Downloads/skeletonwarsem2/Content/SkeletonWar/Animations/Limbs/LeftLeg/L_Leg_Jump_End.uasset" 610
"C:/Users/n8585016/Downloads/skeletonwarsem2/Content/SkeletonWar/Animations/Limbs/LeftLeg/L_Leg_Jump_Hang.uasset" 611
"C:/Users/n8585016/Downloads/skeletonwarsem2/Content/SkeletonWar/Animations/Limbs/LeftLeg/L_Leg_Jump_Start.uasset" 612
"C:/Users/n8585016/Downloads/skeletonwarsem2/Content/SkeletonWar/Animations/Limbs/LeftLeg/L_Leg_L_Attack.uasset" 613
"C:/Users/n8585016/Downloads/skeletonwarsem2/Content/SkeletonWar/Animations/Limbs/LeftLeg/L_Leg_R_Attack.uasset" 614
"C:/Users/n8585016/Downloads/skeletonwarsem2/Content/SkeletonWar/Animations/Limbs/LeftLeg/L_Leg_2L_IdleRun_2DBS.uasset" 615
"C:/Users/n8585016/Downloads/skeletonwarsem2/Content/SkeletonWar/Animations/Limbs/LeftLeg/L_Leg_Strafe_Backwards.uasset" 616
"C:/Users/n8585016/Downloads/skeletonwarsem2/Content/SkeletonWar/Animations/Limbs/LeftLeg/L_Leg_Strafe_Left.uasset" 617
"C:/Users/n8585016/Downloads/skeletonwarsem2/Content/SkeletonWar/Animations/Limbs/LeftLeg/L_Leg_Strafe_Right.uasset" 618
"C:/Users/n8585016/Downloads/skeletonwarsem2/Content/SkeletonWar/Animations/Limbs/LeftLeg/L_Leg.uasset" 619
"C:/Users/n8585016/Downloads/skeletonwarsem2/Content/SkeletonWar/Animations/Limbs/LeftLeg/L_Leg_PhysicsAsset.uasset" 620
"C:/Users/n8585016/Downloads/skeletonwarsem2/Content/SkeletonWar/Blueprints/Limbs/RightArm_BP.uasset" 621
"C:/Users/n8585016/Downloads/skeletonwarsem2/Content/SkeletonWar/Animations/Limbs/RightArm/R_Arm_AnimBP.uasset" 622
"C:/Users/n8585016/Downloads/skeletonwarsem2/Content/SkeletonWar/Animations/Limbs/RightArm/R_Arm_Jump_End.uasset" 623
"C:/Users/n8585016/Downloads/skeletonwarsem2/Content/SkeletonWar/Animations/Limbs/RightArm/R_Arm_Jump_Hang.uasset" 624
"C:/Users/n8585016/Downloads/skeletonwarsem2/Content/SkeletonWar/Animations/Limbs/RightArm/R_Arm_Jump_Start.uasset" 625
"C:/Users/n8585016/Downloads/skeletonwarsem2/Content/SkeletonWar/Animations/Limbs/RightArm/R_Arm_L_Attack.uasset" 626
"C:/Users/n8585016/Downloads/skeletonwarsem2/Content/SkeletonWar/Animations/Limbs/RightArm/R_Arm_R_Attack.uasset" 627
"C:/Users/n8585016/Downloads/skeletonwarsem2/Content/SkeletonWar/Animations/Limbs/RightArm/R_Arm_2L_IdleRun_2DBS.uasset" 628
"C:/Users/n8585016/Downloads/skeletonwarsem2/Content/SkeletonWar/Animations/Limbs/RightArm/R_Arm_Strafe_Backwards.uasset" 629
"C:/Users/n8585016/Downloads/skeletonwarsem2/Content/SkeletonWar/Animations/Limbs/RightArm/R_Arm_Strafe_Left.uasset" 630
"C:/Users/n8585016/Downloads/skeletonwarsem2/Content/SkeletonWar/Animations/Limbs/RightArm/R_Arm_Strafe_Right.uasset" 631
"C:/Users/n8585016/Downloads/skeletonwarsem2/Content/SkeletonWar/Animations/Limbs/RightArm/R_Arm.uasset" 632
"C:/Users/n8585016/Downloads/skeletonwarsem2/Content/SkeletonWar/Animations/Limbs/RightArm/R_Arm_PhysicsAsset.uasset" 633
"C:/Users/n8585016/Downloads/skeletonwarsem2/Content/SkeletonWar/Blueprints/Limbs/RightLeg_BP.uasset" 634
"C:/Users/n8585016/Downloads/skeletonwarsem2/Content/SkeletonWar/Animations/Limbs/RightLeg/R_Leg_AnimBP.uasset" 635
"C:/Users/n8585016/Downloads/skeletonwarsem2/Content/SkeletonWar/Animations/Limbs/RightLeg/R_Leg_Jump_End.uasset" 636
"C:/Users/n8585016/Downloads/skeletonwarsem2/Content/SkeletonWar/Animations/Limbs/RightLeg/R_Leg_Jump_Hang.uasset" 637
"C:/Users/n8585016/Downloads/skeletonwarsem2/Content/SkeletonWar/Animations/Limbs/RightLeg/R_Leg_Jump_Start.uasset" 638
"C:/Users/n8585016/Downloads/skeletonwarsem2/Content/SkeletonWar/Animations/Limbs/RightLeg/R_Leg_L_Attack.uasset" 639
"C:/Users/n8585016/Downloads/skeletonwarsem2/Content/SkeletonWar/Animations/Limbs/RightLeg/R_Leg_R_Attack.uasset" 640
"C:/Users/n8585016/Downloads/skeletonwarsem2/Content/SkeletonWar/Animations/Limbs/RightLeg/R_Leg_2L_IdleRun_2DBS.uasset" 641
"C:/Users/n8585016/Downloads/skeletonwarsem2/Content/SkeletonWar/Animations/Limbs/RightLeg/R_Leg_Strafe_Backwards.uasset" 642
"C:/Users/n8585016/Downloads/skeletonwarsem2/Content/SkeletonWar/Animations/Limbs/RightLeg/R_Leg_Strafe_Left.uasset" 643
"C:/Users/n8585016/Downloads/skeletonwarsem2/Content/SkeletonWar/Animations/Limbs/RightLeg/R_Leg_Strafe_Right.uasset" 644
"C:/Users/n8585016/Downloads/skeletonwarsem2/Content/SkeletonWar/Animations/Limbs/RightLeg/R_Leg.uasset" 645
"C:/Users/n8585016/Downloads/skeletonwarsem2/Content/SkeletonWar/Animations/Limbs/RightLeg/R_Leg_PhysicsAsset.uasset" 646
"C:/Users/n8585016/Downloads/skeletonwarsem2/Content/SkeletonWar/Textures/BoneBlack_Mat.uasset" 647
"../../../Engine/Content/Functions/Engine_MaterialFunctions03/Blends/Blend_ColorBurn.uasset" 648
"../../../Engine/Content/EditorMaterials/Cascade/CASC_Cross.uasset" 649
"../../../Engine/Content/EditorMaterials/Cascade/CASC_None.uasset" 650
"C:/Users/n8585016/Downloads/skeletonwarsem2/Content/SkeletonWar/Textures/BoneBlue_Mat.uasset" 651
"C:/Users/n8585016/Downloads/skeletonwarsem2/Content/SkeletonWar/Textures/BoneCyan_Mat.uasset" 652
"C:/Users/n8585016/Downloads/skeletonwarsem2/Content/SkeletonWar/Textures/BoneGreen_Mat.uasset" 653
"C:/Users/n8585016/Downloads/skeletonwarsem2/Content/SkeletonWar/Textures/BonePink_Mat.uasset" 654
"C:/Users/n8585016/Downloads/skeletonwarsem2/Content/SkeletonWar/Textures/BoneRed_Mat.uasset" 655
"C:/Users/n8585016/Downloads/skeletonwarsem2/Content/SkeletonWar/Textures/BoneWhite_Mat.uasset" 656
"C:/Users/n8585016/Downloads/skeletonwarsem2/Content/SkeletonWar/Textures/BoneYellow_Mat.uasset" 657
"C:/Users/n8585016/Downloads/skeletonwarsem2/Content/SkeletonWar/Sounds/AttackSwooshSound_Cue.uasset" 658
"C:/Users/n8585016/Downloads/skeletonwarsem2/Content/SkeletonWar/Sounds/AttackSwoosh_Sound.uasset" 659
"C:/Users/n8585016/Downloads/skeletonwarsem2/Content/SkeletonWar/Sounds/bone_break_Cue.uasset" 660
"C:/Users/n8585016/Downloads/skeletonwarsem2/Content/SkeletonWar/Sounds/bone_break.uasset" 661
"C:/Users/n8585016/Downloads/skeletonwarsem2/Content/SkeletonWar/Sounds/bone_break_leg_Cue.uasset" 662
"C:/Users/n8585016/Downloads/skeletonwarsem2/Content/SkeletonWar/Sounds/bone_break_leg.uasset" 663
"C:/Users/n8585016/Downloads/skeletonwarsem2/Content/SkeletonWar/Sounds/bone_pickup_Cue.uasset" 664
"C:/Users/n8585016/Downloads/skeletonwarsem2/Content/SkeletonWar/Sounds/bone_pickup.uasset" 665
"C:/Users/n8585016/Downloads/skeletonwarsem2/Content/SkeletonWar/Sounds/Explosion_Cue.uasset" 666
"C:/Users/n8585016/Downloads/skeletonwarsem2/Content/SkeletonWar/Sounds/Explosion01.uasset" 667
"C:/Users/n8585016/Downloads/skeletonwarsem2/Content/SkeletonWar/Sounds/Explosion02.uasset" 668
"C:/Users/n8585016/Downloads/skeletonwarsem2/Content/SkeletonWar/Sounds/footstep_forest01_Cue.uasset" 669
"C:/Users/n8585016/Downloads/skeletonwarsem2/Content/SkeletonWar/Sounds/footstep_forest01.uasset" 670
"C:/Users/n8585016/Downloads/skeletonwarsem2/Content/SkeletonWar/Sounds/footstep_forest02_Cue.uasset" 671
"C:/Users/n8585016/Downloads/skeletonwarsem2/Content/SkeletonWar/Sounds/footstep_forest02.uasset" 672
"C:/Users/n8585016/Downloads/skeletonwarsem2/Content/SkeletonWar/Sounds/Idle_Jazz.uasset" 673
"C:/Users/n8585016/Downloads/skeletonwarsem2/Content/SkeletonWar/Sounds/neck_snap_Cue.uasset" 674
"C:/Users/n8585016/Downloads/skeletonwarsem2/Content/SkeletonWar/Sounds/neck_snap.uasset" 675
"C:/Users/n8585016/Downloads/skeletonwarsem2/Content/SkeletonWar/Sounds/Skeletal_Jazz_v2.uasset" 676
"C:/Users/n8585016/Downloads/skeletonwarsem2/Content/SkeletonWar/Sounds/sword_sheath_Cue.uasset" 677
"C:/Users/n8585016/Downloads/skeletonwarsem2/Content/SkeletonWar/Sounds/sword_sheath.uasset" 678
"C:/Users/n8585016/Downloads/skeletonwarsem2/Content/SkeletonWar/Animations/Limbs/Head/Head.uasset" 679
"C:/Users/n8585016/Downloads/skeletonwarsem2/Content/SkeletonWar/Animations/Limbs/Head/Head_PhysicsAsset.uasset" 680
"C:/Users/n8585016/Downloads/skeletonwarsem2/Content/SkeletonWar/UMG/InGame_HUD.uasset" 681
"C:/Users/n8585016/Downloads/skeletonwarsem2/Content/SkeletonWar/Animations/Limbs/Torso/Torso.uasset" 682
"C:/Users/n8585016/Downloads/skeletonwarsem2/Content/SkeletonWar/Animations/Limbs/Torso/Torso_PhysicsAsset.uasset" 683
"C:/Users/n8585016/Downloads/skeletonwarsem2/Content/SkeletonWar/Animations/Limbs/Head/Head_1LL_IdleRun_2DBS.uasset" 684
"C:/Users/n8585016/Downloads/skeletonwarsem2/Content/SkeletonWar/Animations/Limbs/Head/Head_L_Hop.uasset" 685
"C:/Users/n8585016/Downloads/skeletonwarsem2/Content/SkeletonWar/Animations/Limbs/Head/Head_1LR_IdleRun_2DBS.uasset" 686
"C:/Users/n8585016/Downloads/skeletonwarsem2/Content/SkeletonWar/Animations/Limbs/Head/Head_R_Hop.uasset" 687
"C:/Users/n8585016/Downloads/skeletonwarsem2/Content/SkeletonWar/Animations/Limbs/LeftArm/L_Arm_1LL_IdleRun_2DBS.uasset" 688
"C:/Users/n8585016/Downloads/skeletonwarsem2/Content/SkeletonWar/Animations/Limbs/LeftArm/L_Arm_L_Hop.uasset" 689
"C:/Users/n8585016/Downloads/skeletonwarsem2/Content/SkeletonWar/Animations/Limbs/LeftArm/L_Arm_1LR_IdleRun_2DBS.uasset" 690
"C:/Users/n8585016/Downloads/skeletonwarsem2/Content/SkeletonWar/Animations/Limbs/LeftArm/L_Arm_R_Hop.uasset" 691
"C:/Users/n8585016/Downloads/skeletonwarsem2/Content/SkeletonWar/Animations/Limbs/LeftLeg/L_Leg_1LL_IdleRun_2DBS.uasset" 692
"C:/Users/n8585016/Downloads/skeletonwarsem2/Content/SkeletonWar/Animations/Limbs/LeftLeg/L_Leg_L_Hop.uasset" 693
"C:/Users/n8585016/Downloads/skeletonwarsem2/Content/SkeletonWar/Animations/Limbs/RightArm/R_Arm_1LL_IdleRun_2DBS.uasset" 694
"C:/Users/n8585016/Downloads/skeletonwarsem2/Content/SkeletonWar/Animations/Limbs/RightArm/R_Arm_L_Hop.uasset" 695
"C:/Users/n8585016/Downloads/skeletonwarsem2/Content/SkeletonWar/Animations/Limbs/RightArm/R_Arm_1LR_IdleRun_2DBS.uasset" 696
"C:/Users/n8585016/Downloads/skeletonwarsem2/Content/SkeletonWar/Animations/Limbs/RightArm/R_Arm_R_Hop.uasset" 697
"C:/Users/n8585016/Downloads/skeletonwarsem2/Content/SkeletonWar/Animations/Limbs/RightLeg/R_Leg_1LR_IdleRun_2DBS.uasset" 698
"C:/Users/n8585016/Downloads/skeletonwarsem2/Content/SkeletonWar/Animations/Limbs/RightLeg/R_Leg_R_Hop.uasset" 699
"C:/Users/n8585016/Downloads/skeletonwarsem2/Content/SkeletonWar/Animations/Limbs/Torso/Torso_1LL_IdleRun_2DBS.uasset" 700
"C:/Users/n8585016/Downloads/skeletonwarsem2/Content/SkeletonWar/Animations/Limbs/Torso/Torso_L_Hop.uasset" 701
"C:/Users/n8585016/Downloads/skeletonwarsem2/Content/SkeletonWar/Animations/Limbs/Torso/Torso_1LR_IdleRun_2DBS.uasset" 702
"C:/Users/n8585016/Downloads/skeletonwarsem2/Content/SkeletonWar/Animations/Limbs/Torso/Torso_R_Hop.uasset" 703
"C:/Users/n8585016/AppData/Local/UnrealEngine/Common/DerivedDataCache/7/9/2/MATSM_983AFA3849534FAA8491540B994BD32E_PCD3D_SM5_2__BC5N_DEV_SL_NODBUF4A5D8154__FA72D3990DFE0C9875C42B022979023B01158187.udd" 704
"C:/Users/n8585016/AppData/Local/UnrealEngine/Common/DerivedDataCache/3/5/2/MATSM_983AFA3849534FAA8491540B994BD32E_PCD3D_SM4_2__BC5N_DEV_SL_NODBUF4A5D8154__D8B29EEC0B9FDCFAC51F25DE26E472DC5CBBF5FF.udd" 705
"C:/Users/n8585016/AppData/Local/UnrealEngine/Common/DerivedDataCache/8/7/5/MATSM_983AFA3849534FAA8491540B994BD32E_PCD3D_SM5_2__BC5N_DEV_SL_NODBUFE743DBD9__B2092F9D26B1003BDBA230735442136B4D307993.udd" 706
"C:/Users/n8585016/AppData/Local/UnrealEngine/Common/DerivedDataCache/5/3/8/MATSM_983AFA3849534FAA8491540B994BD32E_PCD3D_SM4_2__BC5N_DEV_SL_NODBUFE743DBD9__37E0598195F0E8E04985B57C4199D03AFA616C0E.udd" 707
"C:/Users/n8585016/AppData/Local/UnrealEngine/Common/DerivedDataCache/6/3/7/MATSM_983AFA3849534FAA8491540B994BD32E_PCD3D_SM5_2__BC5N_DEV_SL_NODBUF57D68515__39DBD66DF6C0419EB9B3995F928AA4E8C1965853.udd" 708
"C:/Users/n8585016/AppData/Local/UnrealEngine/Common/DerivedDataCache/0/3/5/MATSM_983AFA3849534FAA8491540B994BD32E_PCD3D_SM4_2__BC5N_DEV_SL_NODBUF57D68515__74EEA027B1A3A15F17A0C8C22D631AE5BE8AF6A9.udd" 709
"C:/Users/n8585016/AppData/Local/UnrealEngine/Common/DerivedDataCache/0/0/2/AUDIO_0002_0000_OGG_0001_CE4871B24B873CE7525DE4B059B67B59.udd" 710
"C:/Users/n8585016/AppData/Local/UnrealEngine/Common/DerivedDataCache/3/7/2/AUDIO_0002_0000_OGG_0001_5D0E88EC4B436D1A5786CF9812DBD96E.udd" 711
"C:/Users/n8585016/AppData/Local/UnrealEngine/Common/DerivedDataCache/9/4/7/MATSM_983AFA3849534FAA8491540B994BD32E_PCD3D_SM5_2__BC5N_DEV_SL_NODBUF1226D355__3E9992DCE26E0BAED1C1CC7AF2F064BAF78E342A.udd" 712
"C:/Users/n8585016/AppData/Local/UnrealEngine/Common/DerivedDataCache/5/6/4/MATSM_983AFA3849534FAA8491540B994BD32E_PCD3D_SM4_2__BC5N_DEV_SL_NODBUF1226D355__806F9AA716760B4D1A11900FD456117989087217.udd" 713
"C:/Users/n8585016/AppData/Local/UnrealEngine/Common/DerivedDataCache/6/0/6/STATICMESH_46A8778361B442A9523C54440EA1E9D_2C1BC8F50A7A43818AFE266EB43D9060_55__C5CF5995740EFF6F3EC6019D5688FB9017F524F5.udd" 714
"C:/Users/n8585016/AppData/Local/UnrealEngine/Common/DerivedDataCache/6/1/8/PHYSX_$7B1F0627AE$2DABEB$2D4206$2D8D78$2DE16BEB5DDC7E$7D_PHYSXPC_E83500CD4D766__92B0BC085308035BFA363D1D48AF379051EC5A1C.udd" 715
"C:/Users/n8585016/AppData/Local/UnrealEngine/Common/DerivedDataCache/1/0/3/NAVCOLLISION_B89838347A4348138EE337A847529C5C_NAVCOLLISION_X_E83500CD4D766BD1E__A4B3204F3151EFB0F6B71968BC09C3D8222278E4.udd" 716
"C:/Users/n8585016/AppData/Local/UnrealEngine/Common/DerivedDataCache/0/0/4/AUDIO_0002_0000_OGG_0001_2AF1EC754B72F6F6DEBE8EA64C9E2906.udd" 717
"C:/Users/n8585016/AppData/Local/UnrealEngine/Common/DerivedDataCache/7/7/2/AUDIO_0002_0000_OGG_0001_4E27266746C10F5FD0F4C3A1FA7632C5.udd" 718
"C:/Users/n8585016/AppData/Local/UnrealEngine/Common/DerivedDataCache/2/7/8/AUDIO_0002_0000_OGG_0001_3D74A13149EA66F2EC0F09852F7F768B.udd" 719
"C:/Users/n8585016/AppData/Local/UnrealEngine/Common/DerivedDataCache/0/1/2/AUDIO_0002_0000_OGG_0001_79A1D77143E161D05212A2BCE1475853.udd" 720
"C:/Users/n8585016/AppData/Local/UnrealEngine/Common/DerivedDataCache/7/1/0/AUDIO_0002_0000_OGG_0001_8510A13740C16DD6E7DE328A6394C15C.udd" 721
"C:/Users/n8585016/AppData/Local/UnrealEngine/Common/DerivedDataCache/1/8/7/AUDIO_0002_0000_OGG_0001_ED8D70404D4E07FAE4ECE8853F3A412F.udd" 722
"C:/Users/n8585016/AppData/Local/UnrealEngine/Common/DerivedDataCache/2/5/3/AUDIO_0002_0000_OGG_0001_EEE366CD48FBCB58E338CE90BBC4E94A.udd" 723
"C:/Users/n8585016/AppData/Local/UnrealEngine/Common/DerivedDataCache/3/3/8/AUDIO_0002_0000_OGG_0001_A5046A43430A30453C59FDAF439B518C.udd" 724
"C:/Users/n8585016/AppData/Local/UnrealEngine/Common/DerivedDataCache/5/4/4/AUDIO_0002_0000_OGG_0001_58CE7FBD4143BE25782C1D8E8407C3BA.udd" 725
"C:/Users/n8585016/AppData/Local/UnrealEngine/Common/DerivedDataCache/2/9/2/MATSM_983AFA3849534FAA8491540B994BD32E_PCD3D_SM5_2__BC5N_DEV_SL_NODBUF7B4C1612__0FCA0777BD4C5137D665A614E9EA5E44D14017F9.udd" 726
"C:/Users/n8585016/AppData/Local/UnrealEngine/Common/DerivedDataCache/1/0/5/MATSM_983AFA3849534FAA8491540B994BD32E_PCD3D_SM4_2__BC5N_DEV_SL_NODBUF7B4C1612__7F56A1744D0C4377CDDF0AFDD0BC494C5705CFAD.udd" 727
"C:/Users/n8585016/AppData/Local/UnrealEngine/Common/DerivedDataCache/9/0/7/MATSM_983AFA3849534FAA8491540B994BD32E_PCD3D_SM5_2__BC5N_DEV_SL_NODBUF5781FF4F__50CDEF04EE35508B256F70EBF73F800702118351.udd" 728
"C:/Users/n8585016/AppData/Local/UnrealEngine/Common/DerivedDataCache/6/8/7/MATSM_983AFA3849534FAA8491540B994BD32E_PCD3D_SM4_2__BC5N_DEV_SL_NODBUF5781FF4F__CFAA9B5D0BE8ED68A619D06287C946DA78805851.udd" 729
"C:/Users/n8585016/AppData/Local/UnrealEngine/Common/DerivedDataCache/8/0/3/MATSM_983AFA3849534FAA8491540B994BD32E_PCD3D_SM5_2__BC5N_DEV_SL_NODBUFEB49D0A2__5CF6450E9636ACA914D707D592C4CFF8DC125DC4.udd" 730
"C:/Users/n8585016/AppData/Local/UnrealEngine/Common/DerivedDataCache/4/0/3/MATSM_983AFA3849534FAA8491540B994BD32E_PCD3D_SM4_2__BC5N_DEV_SL_NODBUFEB49D0A2__FF18B7E24512137F4BC076AC7B35AB6D9F749643.udd" 731
"C:/Users/n8585016/AppData/Local/UnrealEngine/Common/DerivedDataCache/3/1/4/MATSM_983AFA3849534FAA8491540B994BD32E_PCD3D_SM5_2__BC5N_DEV_SL_NODBUF17C352FD__22FB572F18A8FA5B3598CD65F71C27371DB0181A.udd" 732
"C:/Users/n8585016/AppData/Local/UnrealEngine/Common/DerivedDataCache/5/6/1/MATSM_983AFA3849534FAA8491540B994BD32E_PCD3D_SM4_2__BC5N_DEV_SL_NODBUF17C352FD__AA596FFDF029C93F49C8045074775BFBB9553C76.udd" 733
"C:/Users/n8585016/AppData/Local/UnrealEngine/Common/DerivedDataCache/6/4/2/MATSM_983AFA3849534FAA8491540B994BD32E_PCD3D_SM5_2__BC5N_DEV_SL_NODBUFA14EF291__750B86A91184DFC8117E3ABC915F8BA72DE35CC8.udd" 734
"C:/Users/n8585016/AppData/Local/UnrealEngine/Common/DerivedDataCache/1/5/9/MATSM_983AFA3849534FAA8491540B994BD32E_PCD3D_SM4_2__BC5N_DEV_SL_NODBUFA14EF291__BAA2DA3776779A0137BF5817E218EF9ABB29DCCE.udd" 735
"C:/Users/n8585016/AppData/Local/UnrealEngine/Common/DerivedDataCache/1/6/3/MATSM_983AFA3849534FAA8491540B994BD32E_PCD3D_SM5_2__BC5N_DEV_SL_NODBUFF555BF18__40F36BD9B8676AE542C9534DC400931A26184845.udd" 736
"C:/Users/n8585016/AppData/Local/UnrealEngine/Common/DerivedDataCache/8/4/4/MATSM_983AFA3849534FAA8491540B994BD32E_PCD3D_SM4_2__BC5N_DEV_SL_NODBUFF555BF18__2227398A205548097D3A41AD04A3D2550B9FB7DF.udd" 737
"C:/Users/n8585016/AppData/Local/UnrealEngine/Common/DerivedDataCache/3/2/9/MATSM_983AFA3849534FAA8491540B994BD32E_PCD3D_SM5_2__BC5N_DEV_SL_NODBUF0F906721__128604AD7757BA1F723D9FB2E554B8034240455E.udd" 738
"C:/Users/n8585016/AppData/Local/UnrealEngine/Common/DerivedDataCache/4/2/0/MATSM_983AFA3849534FAA8491540B994BD32E_PCD3D_SM4_2__BC5N_DEV_SL_NODBUF0F906721__13EBA39B6152BB184E47042965B5C8638A44BA93.udd" 739
"C:/Users/n8585016/AppData/Local/UnrealEngine/Common/DerivedDataCache/6/4/2/MATSM_983AFA3849534FAA8491540B994BD32E_PCD3D_SM5_2__BC5N_DEV_SL_NODBUF0C2A1499__A4F5F0A800FDD81D4247777CB2231D4D59B7AEEF.udd" 740
"C:/Users/n8585016/AppData/Local/UnrealEngine/Common/DerivedDataCache/4/9/9/MATSM_983AFA3849534FAA8491540B994BD32E_PCD3D_SM4_2__BC5N_DEV_SL_NODBUF0C2A1499__4F79E8CB08591BCFECC9B3ECFA2864462999BBCC.udd" 741
"C:/Users/n8585016/AppData/Local/UnrealEngine/Common/DerivedDataCache/5/3/2/MATSM_983AFA3849534FAA8491540B994BD32E_PCD3D_SM5_2__BC5N_DEV_SL_NODBUF4E4D7041__24F62D7E22055B1F5C7720A2E52188EE6A04BE09.udd" 742
"C:/Users/n8585016/AppData/Local/UnrealEngine/Common/DerivedDataCache/7/8/6/MATSM_983AFA3849534FAA8491540B994BD32E_PCD3D_SM4_2__BC5N_DEV_SL_NODBUF4E4D7041__DD10A04563F80B9B82C6DA74820C187E3528BD35.udd" 743
"C:/Users/n8585016/AppData/Local/UnrealEngine/Common/DerivedDataCache/7/9/5/AUDIO_0002_0000_OGG_0001_E179AA294990CE9936F191AA7E9952B0.udd" 744
"../../../Engine/Content/EditorResources/BSPVertex.uasset" 745
"../../../Engine/Content/EngineDebugMaterials/WireframeMaterial.uasset" 746
"../../../Engine/Content/EngineDebugMaterials/GeomMaterial.uasset" 747
"../../../Engine/Content/EngineDebugMaterials/LevelColorationLitMaterial.uasset" 748
"../../../Engine/Content/EngineDebugMaterials/LevelColorationUnlitMaterial.uasset" 749
"../../../Engine/Content/EngineDebugMaterials/MAT_LevelColorationLitLightmapUV.uasset" 750
"../../../Engine/Content/EngineDebugMaterials/ShadedLevelColorationLitMaterial.uasset" 751
"../../../Engine/Content/EngineDebugMaterials/ShadedLevelColorationUnlitMateri.uasset" 752
"../../../Engine/Content/EngineDebugMaterials/VertexColorMaterial.uasset" 753
"../../../Engine/Content/EngineDebugMaterials/VertexColorViewMode_ColorOnly.uasset" 754
"../../../Engine/Content/EngineDebugMaterials/VertexColorViewMode_AlphaAsColor.uasset" 755
"../../../Engine/Content/EngineDebugMaterials/VertexColorViewMode_RedOnly.uasset" 756
"../../../Engine/Content/EngineDebugMaterials/VertexColorViewMode_GreenOnly.uasset" 757
"../../../Engine/Content/EngineDebugMaterials/VertexColorViewMode_BlueOnly.uasset" 758
"../../../Engine/Content/EngineDebugMaterials/BoneWeightMaterial.uasset" 759
"../../../Engine/Content/EngineDebugMaterials/HeatmapGradient.uasset" 760
"../../../Engine/Content/EditorMaterials/PhAT_JointLimitMaterial.uasset" 761
"../../../Engine/Content/EditorMaterials/PreviewShadowIndicatorMaterial.uasset" 762
"../../../Engine/Content/EditorMaterials/PreviewShadowIndicator.uasset" 763
"../../../Engine/Content/EngineMaterials/EditorBrushMaterial.uasset" 764
"../../../Engine/Content/EditorMeshes/ColorCalibrator/SM_ColorCalibrator.uasset" 765
"../../../Engine/Content/EditorMeshes/ColorCalibrator/M_ChromeBall.uasset" 766
"../../../Engine/Content/EditorMeshes/ColorCalibrator/M_ClearCoat.uasset" 767
"../../../Engine/Content/EditorMeshes/ColorCalibrator/M_ClearCoatBlack.uasset" 768
"../../../Engine/Content/EditorMeshes/ColorCalibrator/M_ColorGrid.uasset" 769
"../../../Engine/Content/EditorMeshes/ColorCalibrator/T_ColorGrid.uasset" 770
"../../../Engine/Content/EditorMeshes/ColorCalibrator/M_GreyBall.uasset" 771
"../../../Engine/Content/MobileResources/HUD/DefaultVirtualJoysticks.uasset" 772
"../../../Engine/Content/MobileResources/HUD/VirtualJoystick_Background.uasset" 773
"C:/Users/n8585016/Downloads/skeletonwarsem2/Content/SkeletonWar/SkeletalMeshes/Weapons/Sword_Boned.uasset" 774
"C:/Users/n8585016/Downloads/skeletonwarsem2/Content/SkeletonWar/SkeletalMeshes/Weapons/Sword_Boned_PhysicsAsset.uasset" 775
"C:/Users/n8585016/Downloads/skeletonwarsem2/Content/SkeletonWar/SkeletalMeshes/Weapons/Sword_Boned_Skeleton.uasset" 776
"C:/Users/n8585016/AppData/Local/UnrealEngine/Common/DerivedDataCache/9/8/6/TEXTURE_814DCC3DC72143F49509781513CB9855_G8_DD3BBBA1482C6FAF315498AF79CF8EE7_0__E1A58158332B1DDD0152B52C85F213872105C5E6.udd" 777
"C:/Users/n8585016/AppData/Local/UnrealEngine/Common/DerivedDataCache/7/7/4/TEXTURE_814DCC3DC72143F49509781513CB9855_G8_239E9C6E45740BC4C0422E87864B915A_0__A59F5A86F0D2AA14214B556929D5453C96C8697D.udd" 778
"C:/Users/n8585016/AppData/Local/UnrealEngine/Common/DerivedDataCache/6/5/4/TEXTURE_814DCC3DC72143F49509781513CB9855_BGRA8_6B4C628349C0473DB42A448E605BC52__BFFF3696BC2B0DB510F7CCD74EA091518115B115.udd" 779
"C:/Users/n8585016/AppData/Local/UnrealEngine/Common/DerivedDataCache/6/3/0/TEXTURE_814DCC3DC72143F49509781513CB9855_BGRA8_1BF4E4CC491CF5D535B600A28D83061__6ABB73BAEF553816F61573E64F424107BAEBDB8A.udd" 780
"C:/Users/n8585016/AppData/Local/UnrealEngine/Common/DerivedDataCache/5/2/5/TEXTURE_814DCC3DC72143F49509781513CB9855_BGRA8_7A5A44D840CBCD97B6C8128D2617EBF__516D6910CF80E3CF5335FD3A8ED09787AAACBBCE.udd" 781
"C:/Users/n8585016/AppData/Local/UnrealEngine/Common/DerivedDataCache/6/1/8/TEXTURE_814DCC3DC72143F49509781513CB9855_BGRA8_90E8E804402147064D1F99858C02E36__7F6C3340AFA251C8D8E6410AAE8FA24C5AABC437.udd" 782
"C:/Users/n8585016/AppData/Local/UnrealEngine/Common/DerivedDataCache/1/4/5/TEXTURE_814DCC3DC72143F49509781513CB9855_BGRA8_517CCA9D4E4A2158441FF38F5F9A8E0__DACD51C7CBACDD41F1A2630B6413B1A18FD00B55.udd" 783
"C:/Users/n8585016/AppData/Local/UnrealEngine/Common/DerivedDataCache/8/2/0/TEXTURE_814DCC3DC72143F49509781513CB9855_BGRA8_44B0974949BCFFEBF900198CFF015FF__3DC32992ED0F3E705B7F31B123207A69F8A96F2A.udd" 784
"C:/Users/n8585016/AppData/Local/UnrealEngine/Common/DerivedDataCache/9/9/3/TEXTURE_814DCC3DC72143F49509781513CB9855_BGRA8_987CE03B4239365B40FBAAA30D72053__809B6095752D7CFC9D07619130D4EB5B0660AC66.udd" 785
"C:/Users/n8585016/AppData/Local/UnrealEngine/Common/DerivedDataCache/9/7/3/TEXTURE_814DCC3DC72143F49509781513CB9855_BGRA8_9846397A40C279F7938CBB9BBA23A4D__AE749A63C8F27B214E304FF490651DB1DD9E3A4E.udd" 786
"C:/Users/n8585016/AppData/Local/UnrealEngine/Common/DerivedDataCache/4/5/5/TEXTURE_814DCC3DC72143F49509781513CB9855_BGRA8_2DD8946A4EEC05981AA206BAB37E7F3__F58ACD12E6C4367CED90EBABDC99E9A26D9E8FC4.udd" 787
"C:/Users/n8585016/AppData/Local/UnrealEngine/Common/DerivedDataCache/9/5/0/TEXTURE_814DCC3DC72143F49509781513CB9855_BGRA8_D71A5EA34AC599C6D6E2A7B3BA42CD9__ADD295EE57A759369BDF01E96E635AC0E02D4706.udd" 788
"C:/Users/n8585016/AppData/Local/UnrealEngine/Common/DerivedDataCache/3/6/7/TEXTURE_814DCC3DC72143F49509781513CB9855_BGRA8_C27D72B844EDFF366C7AEF8EC767835__0B36BF5A8450AB12D12934F4BA658376DE4A7012.udd" 789
"C:/Users/n8585016/AppData/Local/UnrealEngine/Common/DerivedDataCache/4/8/3/TEXTURE_814DCC3DC72143F49509781513CB9855_BGRA8_D925225C4FA855D4EFF159A85662B0F__BC2B6FC38FAAF5AADC7C82041D47BB791545152F.udd" 790
"C:/Users/n8585016/AppData/Local/UnrealEngine/Common/DerivedDataCache/4/2/9/TEXTURE_814DCC3DC72143F49509781513CB9855_BGRA8_3A23FC9C433920C6734310B4388B9C2__B79D31A2AB3868828CF4D2C0634A1E09E23CAF6A.udd" 791
"C:/Users/n8585016/AppData/Local/UnrealEngine/Common/DerivedDataCache/1/9/9/TEXTURE_814DCC3DC72143F49509781513CB9855_BGRA8_3E30691346F06A1280B91DA71FF3C03__5C38AA810A217C97FB3A5EDF6EEE6A5D355C1F60.udd" 792
"C:/Users/n8585016/AppData/Local/UnrealEngine/Common/DerivedDataCache/1/2/2/TEXTURE_814DCC3DC72143F49509781513CB9855_BGRA8_3D7DB6E8465CCBC7A92A8E9297A96DA__28DAB7645C8E5CC8F62A9A955E3B2E8F07874F6E.udd" 793
"C:/Users/n8585016/AppData/Local/UnrealEngine/Common/DerivedDataCache/8/4/1/TEXTURE_814DCC3DC72143F49509781513CB9855_BGRA8_AE0B37E44BCC4F5D37BFD88EB3B8BD0__4114BB8E05ABC9F5F297611D51F591600B3320FA.udd" 794
"C:/Users/n8585016/AppData/Local/UnrealEngine/Common/DerivedDataCache/0/6/5/TEXTURE_814DCC3DC72143F49509781513CB9855_BGRA8_4CEF6BAF454C78DEEDF76B81E9A358A__BF575E1AD1A8E8E793277B034B9A241FDE13F346.udd" 795
"C:/Users/n8585016/AppData/Local/UnrealEngine/Common/DerivedDataCache/6/2/4/TEXTURE_814DCC3DC72143F49509781513CB9855_AUTODXT_B49479C44A3CCFCD66CB33A5F3F33__8A94B804D11C1DC2AA71080FCEDBBA72A465E060.udd" 796
"C:/Users/n8585016/AppData/Local/UnrealEngine/Common/DerivedDataCache/9/0/5/TEXTURE_814DCC3DC72143F49509781513CB9855_AUTODXT_B49479C44A3CCFCD66CB33A5F3F33__C8600E6A9E973EE527B6859C2D2E793A4E70137E.udd" 797
"C:/Users/n8585016/AppData/Local/UnrealEngine/Common/DerivedDataCache/6/5/6/TEXTURE_814DCC3DC72143F49509781513CB9855_BGRA8_B58FAB3542B6C8BC7E7D628D0872578__744E3E676076E4A6B47074E576D7FFA4FCEA331F.udd" 798
"C:/Users/n8585016/AppData/Local/UnrealEngine/Common/DerivedDataCache/7/7/0/TEXTURE_814DCC3DC72143F49509781513CB9855_BGRA8_DA9E579343B0BF9B080486AAA0DCF1A__16D048196D6056CB05C2278C4DEDF44E80D08F43.udd" 799
"C:/Users/n8585016/AppData/Local/UnrealEngine/Common/DerivedDataCache/6/6/6/TEXTURE_814DCC3DC72143F49509781513CB9855_BGRA8_65E91C8D41FF629BE6850EACF4120EC__FA11FC20D507656CAFC79E8AA964CBA8F256CA33.udd" 800
"C:/Users/n8585016/AppData/Local/UnrealEngine/Common/DerivedDataCache/3/3/6/TEXTURE_814DCC3DC72143F49509781513CB9855_BGRA8_7ADA3D99410C3EDBDCC96FAB0008DD2__67826997465016FC26A2B60C2E8170B5B2B0FC51.udd" 801
"C:/Users/n8585016/AppData/Local/UnrealEngine/Common/DerivedDataCache/4/1/2/TEXTURE_814DCC3DC72143F49509781513CB9855_BGRA8_D0E2DB5D449A2BD24E924395BAD78C3__24DAD2F5852BE28C842B1547CF2A07856327943D.udd" 802
"C:/Users/n8585016/AppData/Local/UnrealEngine/Common/DerivedDataCache/7/2/7/TEXTURE_814DCC3DC72143F49509781513CB9855_BGRA8_2FE40B474D875055BEB3E796A6EE4E6__59496B72A8A468AE0BF229DA486B70B27B58102F.udd" 803
"C:/Users/n8585016/AppData/Local/UnrealEngine/Common/DerivedDataCache/6/3/9/TEXTURE_814DCC3DC72143F49509781513CB9855_BGRA8_AB0B893346EA13E8654663BE07C3EA5__2674E631EF67A53523F54295F730173ACB0DED37.udd" 804
"C:/Users/n8585016/AppData/Local/UnrealEngine/Common/DerivedDataCache/0/6/8/TEXTURE_814DCC3DC72143F49509781513CB9855_BGRA8_16223FAB4F1DB2FAB3D18E80187E727__880DD6380B766C09C6CF783906EEE38A14D03FCC.udd" 805
"C:/Users/n8585016/AppData/Local/UnrealEngine/Common/DerivedDataCache/8/3/7/TEXTURE_814DCC3DC72143F49509781513CB9855_BGRA8_E1D75CAD4F57962249D991851BB5FFA__7F44E14558A42516D99D9B9EB54D1B7134DDC512.udd" 806
"C:/Users/n8585016/AppData/Local/UnrealEngine/Common/DerivedDataCache/1/4/7/TEXTURE_814DCC3DC72143F49509781513CB9855_BGRA8_A0E1E6EA4FEB6DBF1319F192F3D26EF__F5C92840E3C3672F828BE5AF2D37B1D04F98299A.udd" 807
"C:/Users/n8585016/AppData/Local/UnrealEngine/Common/DerivedDataCache/9/7/3/TEXTURE_814DCC3DC72143F49509781513CB9855_BGRA8_0E459AFD46D7564680F38A8E6E3F8A9__510B23FEE96CCC37950B74365E4575A6A3DF0EDC.udd" 808
"C:/Users/n8585016/AppData/Local/UnrealEngine/Common/DerivedDataCache/7/3/0/TEXTURE_814DCC3DC72143F49509781513CB9855_BGRA8_0E459AFD46D7564680F38A8E6E3F8A9__E302BB0CB9369A516ECB41E82E339571616961E9.udd" 809
"C:/Users/n8585016/AppData/Local/UnrealEngine/Common/DerivedDataCache/3/9/5/TEXTURE_814DCC3DC72143F49509781513CB9855_BGRA8_0E459AFD46D7564680F38A8E6E3F8A9__BF2D51837C2AEFDE83A19E45986C417DCEB89BFE.udd" 810
"C:/Users/n8585016/AppData/Local/UnrealEngine/Common/DerivedDataCache/6/1/8/TEXTURE_814DCC3DC72143F49509781513CB9855_BGRA8_5B1267C449C4A9DC1CA1D3B06248ADC__FEC97F44555E59AF4D316D623705A867D640370F.udd" 811
"C:/Users/n8585016/AppData/Local/UnrealEngine/Common/DerivedDataCache/1/2/3/TEXTURE_814DCC3DC72143F49509781513CB9855_BGRA8_5B1267C449C4A9DC1CA1D3B06248ADC__CCE8368F416E56D237453547936792FCF8E17E93.udd" 812
"C:/Users/n8585016/AppData/Local/UnrealEngine/Common/DerivedDataCache/4/9/5/TEXTURE_814DCC3DC72143F49509781513CB9855_BGRA8_5B1267C449C4A9DC1CA1D3B06248ADC__AB86D7817095AA89AFB42FA02DE4BA2DA0096915.udd" 813
"C:/Users/n8585016/AppData/Local/UnrealEngine/Common/DerivedDataCache/3/7/7/TEXTURE_814DCC3DC72143F49509781513CB9855_BGRA8_5B1267C449C4A9DC1CA1D3B06248ADC__0A010B2025488E55F397B9289C4614B203C1110A.udd" 814
"C:/Users/n8585016/AppData/Local/UnrealEngine/Common/DerivedDataCache/8/5/6/TEXTURE_814DCC3DC72143F49509781513CB9855_BGRA8_5B1267C449C4A9DC1CA1D3B06248ADC__B8DC74A4A59EE2C53ECD8FB70ADCB2CE36FDDB78.udd" 815
"C:/Users/n8585016/AppData/Local/UnrealEngine/Common/DerivedDataCache/0/4/6/TEXTURE_814DCC3DC72143F49509781513CB9855_BGRA8_092159F8427ECC8CFC99868186421BF__39FF79673ECBC772A1FB069AE4CAC2D2FF87BD50.udd" 816
"C:/Users/n8585016/AppData/Local/UnrealEngine/Common/DerivedDataCache/1/9/8/TEXTURE_814DCC3DC72143F49509781513CB9855_BGRA8_7699439041A9229BDE29F0B9F05D3E8__E1F9684BFBE11E7198217887A4DC3BAFD411FB78.udd" 817
"C:/Users/n8585016/AppData/Local/UnrealEngine/Common/DerivedDataCache/2/3/6/TEXTURE_814DCC3DC72143F49509781513CB9855_AUTODXT_172745624FEDC4136268AAA815597__0C5F7D8FD8EA2A03A22A8E04516068D36AE9CB94.udd" 818
"C:/Users/n8585016/AppData/Local/UnrealEngine/Common/DerivedDataCache/3/5/9/TEXTURE_814DCC3DC72143F49509781513CB9855_AUTODXT_172745624FEDC4136268AAA815597__A1E38B8EF0D4CEF41C83042674BCC38CF5F12062.udd" 819
"C:/Users/n8585016/AppData/Local/UnrealEngine/Common/DerivedDataCache/5/3/5/TEXTURE_814DCC3DC72143F49509781513CB9855_AUTODXT_172745624FEDC4136268AAA815597__A4FB1543AA72EDEAA697024917300D812DD3BECF.udd" 820
"C:/Users/n8585016/AppData/Local/UnrealEngine/Common/DerivedDataCache/5/2/3/TEXTURE_814DCC3DC72143F49509781513CB9855_AUTODXT_172745624FEDC4136268AAA815597__3B51DCD32DDE0DCA419CAE9790190E868BA89E77.udd" 821
"C:/Users/n8585016/AppData/Local/UnrealEngine/Common/DerivedDataCache/2/3/0/TEXTURE_814DCC3DC72143F49509781513CB9855_AUTODXT_172745624FEDC4136268AAA815597__EFAD450B9AA0402B60D05F7C4B83C2E491774F7C.udd" 822
"C:/Users/n8585016/AppData/Local/UnrealEngine/Common/DerivedDataCache/1/9/4/TEXTURE_814DCC3DC72143F49509781513CB9855_DXT1_3437C7C64670CEFB37212EBCCDB468FE__19BE391F0E4508B3904C37ED7EE43BF13F0E86D7.udd" 823
"C:/Users/n8585016/AppData/Local/UnrealEngine/Common/DerivedDataCache/9/9/2/TEXTURE_814DCC3DC72143F49509781513CB9855_DXT1_3437C7C64670CEFB37212EBCCDB468FE__63E2089252710BA63AA052F15690D9A1F509D7A6.udd" 824
"C:/Users/n8585016/AppData/Local/UnrealEngine/Common/DerivedDataCache/4/3/4/TEXTURE_814DCC3DC72143F49509781513CB9855_DXT1_3437C7C64670CEFB37212EBCCDB468FE__C81E8A42340DABCA8806B3D0145EFD0756D24308.udd" 825
"C:/Users/n8585016/AppData/Local/UnrealEngine/Common/DerivedDataCache/8/4/9/TEXTURE_814DCC3DC72143F49509781513CB9855_DXT1_3437C7C64670CEFB37212EBCCDB468FE__8414CA8DD518198B2C9149E924A484F79309E74E.udd" 826
"C:/Users/n8585016/AppData/Local/UnrealEngine/Common/DerivedDataCache/0/8/6/TEXTURE_814DCC3DC72143F49509781513CB9855_AUTODXT_8DF8841B4D7F3545B16C1995873C0__E5001FAA67A19263D17259118DAE21B30E7E0407.udd" 827
"C:/Users/n8585016/AppData/Local/UnrealEngine/Common/DerivedDataCache/6/5/6/TEXTURE_814DCC3DC72143F49509781513CB9855_AUTODXT_8DF8841B4D7F3545B16C1995873C0__61599A341CFA72D78ECD9CA9617575B1C3B8166C.udd" 828
"C:/Users/n8585016/AppData/Local/UnrealEngine/Common/DerivedDataCache/5/4/6/TEXTURE_814DCC3DC72143F49509781513CB9855_AUTODXT_8DF8841B4D7F3545B16C1995873C0__5B815183719626AA17F476CDEC0791F140A85746.udd" 829
"C:/Users/n8585016/AppData/Local/UnrealEngine/Common/DerivedDataCache/0/9/6/TEXTURE_814DCC3DC72143F49509781513CB9855_AUTODXT_8DF8841B4D7F3545B16C1995873C0__16476B861444B6C1FD28FB49F7A3ECFF5492EF21.udd" 830
"../../../Engine/Content/MobileResources/HUD/T_Castle_ThumbstickInner.uasset" 831
"../../../Engine/Content/MobileResources/HUD/MobileHUDDirectionPad3.uasset" 832
"../../../Engine/Content/MobileResources/HUD/MobileHUDButton2_on.uasset" 833
"../../../Engine/Content/MobileResources/HUD/MobileHUDButton1_off.uasset" 834
"../../../Engine/Content/MobileResources/HUD/AnalogHat.uasset" 835
"../../../Engine/Content/MobileResources/T_MobileControls_texture.uasset" 836
"../../../Engine/Content/MobileResources/HUD/MobileHUDButtonFire.uasset" 837
"../../../Engine/Content/MobileResources/HUD/MobileHUDButton2_off.uasset" 838
"../../../Engine/Content/MobileResources/T_MobileMenu2.uasset" 839
"../../../Engine/Content/MobileResources/HUD/MobileHUDDirectionPad2.uasset" 840
"../../../Engine/Content/Maps/Entry.umap" 841
"../../../Engine/Content/EngineMaterials/DefaultNormal.uasset" 842
"C:/Users/n8585016/Downloads/skeletonwarsem2/Content/SkeletonWar/Maps/MainMenu_Level.umap" 843
"../../../Engine/Content/MobileResources/HUD/T_Castle_ThumbstickOutter.uasset" 844
"../../../Engine/Content/MobileResources/HUD/MobileHUDButton1_on.uasset" 845
"../../../Engine/Content/MobileResources/HUD/MobileHUDDirectionStick.uasset" 846
"../../../Engine/Content/MobileResources/HUD/MobileHUDButton3.uasset" 847
"../../../Engine/Content/MobileResources/HUD/MobileHUDDirectionPad.uasset" 848
"../../../Engine/Content/MobileResources/HUD/LeftVirtualJoystickOnly.uasset" 849
